12-05-2022 11:28:01 map[_clientIP:::1 _dataLength:572 _hostname:LAPTOP-P2S904C5 _latency:3 _method:GET _path:/api/v1/music/list _statusCode:200 _userAgent:Mozilla/5.0 (Windows NT 10.0; Win64; x64) AppleWebKit/537.36 (KHTML, like Gecko) Chrome/101.0.4951.54 Safari/537.36 _userID:]
12-05-2022 11:28:26 map[_clientIP:::1 _dataLength:572 _hostname:LAPTOP-P2S904C5 _latency:3 _method:GET _path:/api/v1/music/list _statusCode:200 _userAgent:Mozilla/5.0 (Windows NT 10.0; Win64; x64) AppleWebKit/537.36 (KHTML, like Gecko) Chrome/101.0.4951.54 Safari/537.36 _userID:]
12-05-2022 11:29:33 map[_clientIP:::1 _dataLength:572 _hostname:LAPTOP-P2S904C5 _latency:2 _method:GET _path:/api/v1/music/list _statusCode:200 _userAgent:Mozilla/5.0 (Windows NT 10.0; Win64; x64) AppleWebKit/537.36 (KHTML, like Gecko) Chrome/101.0.4951.54 Safari/537.36 _userID:]
12-05-2022 11:29:35 map[_clientIP:::1 _dataLength:572 _hostname:LAPTOP-P2S904C5 _latency:3 _method:GET _path:/api/v1/music/list _statusCode:200 _userAgent:Mozilla/5.0 (Windows NT 10.0; Win64; x64) AppleWebKit/537.36 (KHTML, like Gecko) Chrome/101.0.4951.54 Safari/537.36 _userID:]
12-05-2022 11:29:36 map[_clientIP:::1 _dataLength:572 _hostname:LAPTOP-P2S904C5 _latency:2 _method:GET _path:/api/v1/music/list _statusCode:200 _userAgent:Mozilla/5.0 (Windows NT 10.0; Win64; x64) AppleWebKit/537.36 (KHTML, like Gecko) Chrome/101.0.4951.54 Safari/537.36 _userID:]
12-05-2022 11:30:30 map[_clientIP:::1 _dataLength:572 _hostname:LAPTOP-P2S904C5 _latency:2 _method:GET _path:/api/v1/music/list _statusCode:200 _userAgent:Mozilla/5.0 (Windows NT 10.0; Win64; x64) AppleWebKit/537.36 (KHTML, like Gecko) Chrome/101.0.4951.54 Safari/537.36 _userID:]
12-05-2022 11:31:10 map[_clientIP:::1 _dataLength:572 _hostname:LAPTOP-P2S904C5 _latency:2 _method:GET _path:/api/v1/music/list _statusCode:200 _userAgent:Mozilla/5.0 (Windows NT 10.0; Win64; x64) AppleWebKit/537.36 (KHTML, like Gecko) Chrome/101.0.4951.54 Safari/537.36 _userID:]
12-05-2022 11:31:20 map[_clientIP:::1 _dataLength:572 _hostname:LAPTOP-P2S904C5 _latency:3 _method:GET _path:/api/v1/music/list _statusCode:200 _userAgent:Mozilla/5.0 (Windows NT 10.0; Win64; x64) AppleWebKit/537.36 (KHTML, like Gecko) Chrome/101.0.4951.54 Safari/537.36 _userID:]
12-05-2022 11:31:20 map[_clientIP:::1 _dataLength:572 _hostname:LAPTOP-P2S904C5 _latency:4 _method:GET _path:/api/v1/music/list _statusCode:200 _userAgent:Mozilla/5.0 (Windows NT 10.0; Win64; x64) AppleWebKit/537.36 (KHTML, like Gecko) Chrome/101.0.4951.54 Safari/537.36 _userID:]
12-05-2022 11:31:20 map[_clientIP:::1 _dataLength:572 _hostname:LAPTOP-P2S904C5 _latency:3 _method:GET _path:/api/v1/music/list _statusCode:200 _userAgent:Mozilla/5.0 (Windows NT 10.0; Win64; x64) AppleWebKit/537.36 (KHTML, like Gecko) Chrome/101.0.4951.54 Safari/537.36 _userID:]
12-05-2022 11:31:20 map[_clientIP:::1 _dataLength:572 _hostname:LAPTOP-P2S904C5 _latency:2 _method:GET _path:/api/v1/music/list _statusCode:200 _userAgent:Mozilla/5.0 (Windows NT 10.0; Win64; x64) AppleWebKit/537.36 (KHTML, like Gecko) Chrome/101.0.4951.54 Safari/537.36 _userID:]
12-05-2022 11:32:12 map[_clientIP:::1 _dataLength:572 _hostname:LAPTOP-P2S904C5 _latency:2 _method:GET _path:/api/v1/music/list _statusCode:200 _userAgent:Mozilla/5.0 (Windows NT 10.0; Win64; x64) AppleWebKit/537.36 (KHTML, like Gecko) Chrome/101.0.4951.54 Safari/537.36 _userID:]
12-05-2022 11:32:20 map[_clientIP:::1 _dataLength:572 _hostname:LAPTOP-P2S904C5 _latency:2 _method:GET _path:/api/v1/music/list _statusCode:200 _userAgent:Mozilla/5.0 (Windows NT 10.0; Win64; x64) AppleWebKit/537.36 (KHTML, like Gecko) Chrome/101.0.4951.54 Safari/537.36 _userID:]
12-05-2022 11:37:23 map[_clientIP:::1 _dataLength:67 _hostname:LAPTOP-P2S904C5 _latency:1 _method:HEAD _path:/api/v1/music/list _statusCode:404 _userAgent:Mozilla/5.0 (Windows NT 10.0; Win64; x64) AppleWebKit/537.36 (KHTML, like Gecko) Chrome/101.0.4951.54 Safari/537.36 _userID:]
12-05-2022 11:38:25 map[_clientIP:::1 _dataLength:572 _hostname:LAPTOP-P2S904C5 _latency:2 _method:GET _path:/api/v1/music/list _statusCode:200 _userAgent:Mozilla/5.0 (Windows NT 10.0; Win64; x64) AppleWebKit/537.36 (KHTML, like Gecko) Chrome/101.0.4951.54 Safari/537.36 _userID:]
12-05-2022 11:39:02 map[_clientIP:::1 _dataLength:572 _hostname:LAPTOP-P2S904C5 _latency:2 _method:GET _path:/api/v1/music/list _statusCode:200 _userAgent:Mozilla/5.0 (Windows NT 10.0; Win64; x64) AppleWebKit/537.36 (KHTML, like Gecko) Chrome/101.0.4951.54 Safari/537.36 _userID:]
12-05-2022 11:39:04 map[_clientIP:::1 _dataLength:572 _hostname:LAPTOP-P2S904C5 _latency:2 _method:GET _path:/api/v1/music/list _statusCode:200 _userAgent:Mozilla/5.0 (Windows NT 10.0; Win64; x64) AppleWebKit/537.36 (KHTML, like Gecko) Chrome/101.0.4951.54 Safari/537.36 _userID:]
12-05-2022 11:42:20 map[_clientIP:::1 _dataLength:572 _hostname:LAPTOP-P2S904C5 _latency:3 _method:GET _path:/api/v1/music/list _statusCode:200 _userAgent:Mozilla/5.0 (Windows NT 10.0; Win64; x64) AppleWebKit/537.36 (KHTML, like Gecko) Chrome/101.0.4951.54 Safari/537.36 _userID:]
12-05-2022 11:47:58 map[_clientIP:::1 _dataLength:572 _hostname:LAPTOP-P2S904C5 _latency:3 _method:GET _path:/api/v1/music/list _statusCode:200 _userAgent:Mozilla/5.0 (Windows NT 10.0; Win64; x64) AppleWebKit/537.36 (KHTML, like Gecko) Chrome/101.0.4951.54 Safari/537.36 _userID:]
12-05-2022 11:47:59 map[_clientIP:::1 _dataLength:572 _hostname:LAPTOP-P2S904C5 _latency:3 _method:GET _path:/api/v1/music/list _statusCode:200 _userAgent:Mozilla/5.0 (Windows NT 10.0; Win64; x64) AppleWebKit/537.36 (KHTML, like Gecko) Chrome/101.0.4951.54 Safari/537.36 _userID:]
12-05-2022 11:48:08 map[_clientIP:::1 _dataLength:572 _hostname:LAPTOP-P2S904C5 _latency:3 _method:GET _path:/api/v1/music/list _statusCode:200 _userAgent:Mozilla/5.0 (Windows NT 10.0; Win64; x64) AppleWebKit/537.36 (KHTML, like Gecko) Chrome/101.0.4951.54 Safari/537.36 _userID:]
12-05-2022 11:48:08 map[_clientIP:::1 _dataLength:572 _hostname:LAPTOP-P2S904C5 _latency:4 _method:GET _path:/api/v1/music/list _statusCode:200 _userAgent:Mozilla/5.0 (Windows NT 10.0; Win64; x64) AppleWebKit/537.36 (KHTML, like Gecko) Chrome/101.0.4951.54 Safari/537.36 _userID:]
12-05-2022 11:48:08 map[_clientIP:::1 _dataLength:572 _hostname:LAPTOP-P2S904C5 _latency:3 _method:GET _path:/api/v1/music/list _statusCode:200 _userAgent:Mozilla/5.0 (Windows NT 10.0; Win64; x64) AppleWebKit/537.36 (KHTML, like Gecko) Chrome/101.0.4951.54 Safari/537.36 _userID:]
12-05-2022 11:48:08 map[_clientIP:::1 _dataLength:572 _hostname:LAPTOP-P2S904C5 _latency:3 _method:GET _path:/api/v1/music/list _statusCode:200 _userAgent:Mozilla/5.0 (Windows NT 10.0; Win64; x64) AppleWebKit/537.36 (KHTML, like Gecko) Chrome/101.0.4951.54 Safari/537.36 _userID:]
12-05-2022 11:48:08 map[_clientIP:::1 _dataLength:572 _hostname:LAPTOP-P2S904C5 _latency:4 _method:GET _path:/api/v1/music/list _statusCode:200 _userAgent:Mozilla/5.0 (Windows NT 10.0; Win64; x64) AppleWebKit/537.36 (KHTML, like Gecko) Chrome/101.0.4951.54 Safari/537.36 _userID:]
12-05-2022 11:48:12 map[_clientIP:::1 _dataLength:572 _hostname:LAPTOP-P2S904C5 _latency:3 _method:GET _path:/api/v1/music/list _statusCode:200 _userAgent:Mozilla/5.0 (Windows NT 10.0; Win64; x64) AppleWebKit/537.36 (KHTML, like Gecko) Chrome/101.0.4951.54 Safari/537.36 _userID:]
12-05-2022 11:54:42 map[_clientIP:::1 _dataLength:572 _hostname:LAPTOP-P2S904C5 _latency:8 _method:GET _path:/api/v1/music/list _statusCode:200 _userAgent:Mozilla/5.0 (Windows NT 10.0; Win64; x64) AppleWebKit/537.36 (KHTML, like Gecko) Chrome/101.0.4951.54 Safari/537.36 _userID:]
12-05-2022 11:58:33 map[_clientIP:::1 _dataLength:572 _hostname:LAPTOP-P2S904C5 _latency:5 _method:GET _path:/api/v1/music/list _statusCode:200 _userAgent:Mozilla/5.0 (Windows NT 10.0; Win64; x64) AppleWebKit/537.36 (KHTML, like Gecko) Chrome/101.0.4951.54 Safari/537.36 _userID:]
12-05-2022 11:59:09 map[_clientIP:::1 _dataLength:572 _hostname:LAPTOP-P2S904C5 _latency:3 _method:GET _path:/api/v1/music/list _statusCode:200 _userAgent:Mozilla/5.0 (Windows NT 10.0; Win64; x64) AppleWebKit/537.36 (KHTML, like Gecko) Chrome/101.0.4951.54 Safari/537.36 _userID:]
12-05-2022 12:05:24 map[_clientIP:::1 _dataLength:572 _hostname:LAPTOP-P2S904C5 _latency:4 _method:GET _path:/api/v1/music/list _statusCode:200 _userAgent:Mozilla/5.0 (Windows NT 10.0; Win64; x64) AppleWebKit/537.36 (KHTML, like Gecko) Chrome/101.0.4951.54 Safari/537.36 _userID:]
12-05-2022 12:06:18 map[_clientIP:::1 _dataLength:572 _hostname:LAPTOP-P2S904C5 _latency:3 _method:GET _path:/api/v1/music/list _statusCode:200 _userAgent:Mozilla/5.0 (Windows NT 10.0; Win64; x64) AppleWebKit/537.36 (KHTML, like Gecko) Chrome/101.0.4951.54 Safari/537.36 _userID:]
12-05-2022 12:17:04 map[_clientIP:::1 _dataLength:572 _hostname:LAPTOP-P2S904C5 _latency:11 _method:GET _path:/api/v1/music/list _statusCode:200 _userAgent:Mozilla/5.0 (Windows NT 10.0; Win64; x64) AppleWebKit/537.36 (KHTML, like Gecko) Chrome/101.0.4951.54 Safari/537.36 _userID:]
12-05-2022 12:17:36 map[_clientIP:::1 _dataLength:572 _hostname:LAPTOP-P2S904C5 _latency:3 _method:GET _path:/api/v1/music/list _statusCode:200 _userAgent:Mozilla/5.0 (Windows NT 10.0; Win64; x64) AppleWebKit/537.36 (KHTML, like Gecko) Chrome/101.0.4951.54 Safari/537.36 _userID:]
12-05-2022 12:18:09 map[_clientIP:::1 _dataLength:572 _hostname:LAPTOP-P2S904C5 _latency:4 _method:GET _path:/api/v1/music/list _statusCode:200 _userAgent:Mozilla/5.0 (Windows NT 10.0; Win64; x64) AppleWebKit/537.36 (KHTML, like Gecko) Chrome/101.0.4951.54 Safari/537.36 _userID:]
12-05-2022 12:23:09 map[_clientIP:::1 _dataLength:572 _hostname:LAPTOP-P2S904C5 _latency:2 _method:GET _path:/api/v1/music/list _statusCode:200 _userAgent:Mozilla/5.0 (Windows NT 10.0; Win64; x64) AppleWebKit/537.36 (KHTML, like Gecko) Chrome/101.0.4951.54 Safari/537.36 _userID:]
12-05-2022 12:23:39 map[_clientIP:::1 _dataLength:572 _hostname:LAPTOP-P2S904C5 _latency:2 _method:GET _path:/api/v1/music/list _statusCode:200 _userAgent:Mozilla/5.0 (Windows NT 10.0; Win64; x64) AppleWebKit/537.36 (KHTML, like Gecko) Chrome/101.0.4951.54 Safari/537.36 _userID:]
12-05-2022 12:26:44 map[_clientIP:::1 _dataLength:573 _hostname:LAPTOP-P2S904C5 _latency:20 _method:GET _path:/api/v1/music/list _statusCode:200 _userAgent:Mozilla/5.0 (Windows NT 10.0; Win64; x64) AppleWebKit/537.36 (KHTML, like Gecko) Chrome/101.0.4951.54 Safari/537.36 _userID:]
12-05-2022 12:27:10 map[_clientIP:::1 _dataLength:143669 _hostname:LAPTOP-P2S904C5 _latency:2 _method:GET _path:/swagger/swagger-ui.css _statusCode:200 _userAgent:Mozilla/5.0 (Windows NT 10.0; Win64; x64) AppleWebKit/537.36 (KHTML, like Gecko) Chrome/101.0.4951.54 Safari/537.36 _userID:]
12-05-2022 12:27:10 map[_clientIP:::1 _dataLength:337216 _hostname:LAPTOP-P2S904C5 _latency:3 _method:GET _path:/swagger/swagger-ui-standalone-preset.js _statusCode:200 _userAgent:Mozilla/5.0 (Windows NT 10.0; Win64; x64) AppleWebKit/537.36 (KHTML, like Gecko) Chrome/101.0.4951.54 Safari/537.36 _userID:]
12-05-2022 12:27:10 map[_clientIP:::1 _dataLength:1091405 _hostname:LAPTOP-P2S904C5 _latency:20 _method:GET _path:/swagger/swagger-ui-bundle.js _statusCode:200 _userAgent:Mozilla/5.0 (Windows NT 10.0; Win64; x64) AppleWebKit/537.36 (KHTML, like Gecko) Chrome/101.0.4951.54 Safari/537.36 _userID:]
12-05-2022 12:27:11 map[_clientIP:::1 _dataLength:16836 _hostname:LAPTOP-P2S904C5 _latency:2 _method:GET _path:/swagger/doc.json _statusCode:200 _userAgent:Mozilla/5.0 (Windows NT 10.0; Win64; x64) AppleWebKit/537.36 (KHTML, like Gecko) Chrome/101.0.4951.54 Safari/537.36 _userID:]
12-05-2022 12:27:15 map[_clientIP:::1 _dataLength:573 _hostname:LAPTOP-P2S904C5 _latency:3 _method:GET _path:/api/v1/music/list _statusCode:200 _userAgent:Mozilla/5.0 (Windows NT 10.0; Win64; x64) AppleWebKit/537.36 (KHTML, like Gecko) Chrome/101.0.4951.54 Safari/537.36 _userID:]
12-05-2022 12:31:17 map[_clientIP:::1 _dataLength:573 _hostname:LAPTOP-P2S904C5 _latency:8 _method:GET _path:/api/v1/music/list _statusCode:200 _userAgent:Mozilla/5.0 (Windows NT 10.0; Win64; x64) AppleWebKit/537.36 (KHTML, like Gecko) Chrome/101.0.4951.54 Safari/537.36 _userID:]
12-05-2022 12:32:53 map[_clientIP:::1 _dataLength:573 _hostname:LAPTOP-P2S904C5 _latency:7 _method:GET _path:/api/v1/music/list _statusCode:200 _userAgent:Mozilla/5.0 (Windows NT 10.0; Win64; x64) AppleWebKit/537.36 (KHTML, like Gecko) Chrome/101.0.4951.54 Safari/537.36 _userID:]
12-05-2022 12:33:49 map[_clientIP:::1 _dataLength:573 _hostname:LAPTOP-P2S904C5 _latency:2 _method:GET _path:/api/v1/music/list _statusCode:200 _userAgent:Mozilla/5.0 (Windows NT 10.0; Win64; x64) AppleWebKit/537.36 (KHTML, like Gecko) Chrome/101.0.4951.54 Safari/537.36 _userID:]
12-05-2022 12:34:17 map[_clientIP:::1 _dataLength:573 _hostname:LAPTOP-P2S904C5 _latency:4 _method:GET _path:/api/v1/music/list _statusCode:200 _userAgent:Mozilla/5.0 (Windows NT 10.0; Win64; x64) AppleWebKit/537.36 (KHTML, like Gecko) Chrome/101.0.4951.54 Safari/537.36 _userID:]
12-05-2022 12:34:56 map[_clientIP:::1 _dataLength:573 _hostname:LAPTOP-P2S904C5 _latency:3 _method:GET _path:/api/v1/music/list _statusCode:200 _userAgent:Mozilla/5.0 (Windows NT 10.0; Win64; x64) AppleWebKit/537.36 (KHTML, like Gecko) Chrome/101.0.4951.54 Safari/537.36 _userID:]
12-05-2022 12:37:04 map[_clientIP:::1 _dataLength:573 _hostname:LAPTOP-P2S904C5 _latency:2 _method:GET _path:/api/v1/music/list _statusCode:200 _userAgent:Mozilla/5.0 (Windows NT 10.0; Win64; x64) AppleWebKit/537.36 (KHTML, like Gecko) Chrome/101.0.4951.54 Safari/537.36 _userID:]
12-05-2022 12:37:29 map[_clientIP:::1 _dataLength:573 _hostname:LAPTOP-P2S904C5 _latency:4 _method:GET _path:/api/v1/music/list _statusCode:200 _userAgent:Mozilla/5.0 (Windows NT 10.0; Win64; x64) AppleWebKit/537.36 (KHTML, like Gecko) Chrome/101.0.4951.54 Safari/537.36 _userID:]
12-05-2022 12:38:08 map[_clientIP:::1 _dataLength:573 _hostname:LAPTOP-P2S904C5 _latency:5 _method:GET _path:/api/v1/music/list _statusCode:200 _userAgent:Mozilla/5.0 (Windows NT 10.0; Win64; x64) AppleWebKit/537.36 (KHTML, like Gecko) Chrome/101.0.4951.54 Safari/537.36 _userID:]
12-05-2022 12:39:56 map[_clientIP:::1 _dataLength:573 _hostname:LAPTOP-P2S904C5 _latency:4 _method:GET _path:/api/v1/music/list _statusCode:200 _userAgent:Mozilla/5.0 (Windows NT 10.0; Win64; x64) AppleWebKit/537.36 (KHTML, like Gecko) Chrome/101.0.4951.54 Safari/537.36 _userID:]
12-05-2022 12:43:57 map[_clientIP:::1 _dataLength:573 _hostname:LAPTOP-P2S904C5 _latency:3 _method:GET _path:/api/v1/music/list _statusCode:200 _userAgent:Mozilla/5.0 (Windows NT 10.0; Win64; x64) AppleWebKit/537.36 (KHTML, like Gecko) Chrome/101.0.4951.54 Safari/537.36 _userID:]
12-05-2022 12:51:56 map[_clientIP:::1 _dataLength:573 _hostname:LAPTOP-P2S904C5 _latency:5 _method:GET _path:/api/v1/music/list _statusCode:200 _userAgent:Mozilla/5.0 (Windows NT 10.0; Win64; x64) AppleWebKit/537.36 (KHTML, like Gecko) Chrome/101.0.4951.54 Safari/537.36 _userID:]
12-05-2022 12:56:21 map[_clientIP:::1 _dataLength:573 _hostname:LAPTOP-P2S904C5 _latency:6 _method:GET _path:/api/v1/music/list _statusCode:200 _userAgent:Mozilla/5.0 (Windows NT 10.0; Win64; x64) AppleWebKit/537.36 (KHTML, like Gecko) Chrome/101.0.4951.54 Safari/537.36 _userID:]
12-05-2022 13:48:20 map[_clientIP:::1 _dataLength:573 _hostname:LAPTOP-P2S904C5 _latency:33 _method:GET _path:/api/v1/music/list _statusCode:200 _userAgent:Mozilla/5.0 (Windows NT 10.0; Win64; x64) AppleWebKit/537.36 (KHTML, like Gecko) Chrome/101.0.4951.64 Safari/537.36 _userID:]
12-05-2022 13:48:21 map[_clientIP:::1 _dataLength:573 _hostname:LAPTOP-P2S904C5 _latency:3 _method:GET _path:/api/v1/music/list _statusCode:200 _userAgent:Mozilla/5.0 (Windows NT 10.0; Win64; x64) AppleWebKit/537.36 (KHTML, like Gecko) Chrome/101.0.4951.64 Safari/537.36 _userID:]
12-05-2022 13:48:21 map[_clientIP:::1 _dataLength:573 _hostname:LAPTOP-P2S904C5 _latency:5 _method:GET _path:/api/v1/music/list _statusCode:200 _userAgent:Mozilla/5.0 (Windows NT 10.0; Win64; x64) AppleWebKit/537.36 (KHTML, like Gecko) Chrome/101.0.4951.64 Safari/537.36 _userID:]
12-05-2022 13:56:12 map[_clientIP:::1 _dataLength:573 _hostname:LAPTOP-P2S904C5 _latency:4 _method:GET _path:/api/v1/music/list _statusCode:200 _userAgent:Mozilla/5.0 (Windows NT 10.0; Win64; x64) AppleWebKit/537.36 (KHTML, like Gecko) Chrome/101.0.4951.64 Safari/537.36 _userID:]
12-05-2022 13:56:19 map[_clientIP:::1 _dataLength:573 _hostname:LAPTOP-P2S904C5 _latency:4 _method:GET _path:/api/v1/music/list _statusCode:200 _userAgent:Mozilla/5.0 (Windows NT 10.0; Win64; x64) AppleWebKit/537.36 (KHTML, like Gecko) Chrome/101.0.4951.64 Safari/537.36 _userID:]
12-05-2022 13:56:19 map[_clientIP:::1 _dataLength:573 _hostname:LAPTOP-P2S904C5 _latency:9 _method:GET _path:/api/v1/music/list _statusCode:200 _userAgent:Mozilla/5.0 (Windows NT 10.0; Win64; x64) AppleWebKit/537.36 (KHTML, like Gecko) Chrome/101.0.4951.64 Safari/537.36 _userID:]
12-05-2022 13:56:20 map[_clientIP:::1 _dataLength:573 _hostname:LAPTOP-P2S904C5 _latency:3 _method:GET _path:/api/v1/music/list _statusCode:200 _userAgent:Mozilla/5.0 (Windows NT 10.0; Win64; x64) AppleWebKit/537.36 (KHTML, like Gecko) Chrome/101.0.4951.64 Safari/537.36 _userID:]
12-05-2022 13:56:20 map[_clientIP:::1 _dataLength:573 _hostname:LAPTOP-P2S904C5 _latency:8 _method:GET _path:/api/v1/music/list _statusCode:200 _userAgent:Mozilla/5.0 (Windows NT 10.0; Win64; x64) AppleWebKit/537.36 (KHTML, like Gecko) Chrome/101.0.4951.64 Safari/537.36 _userID:]
12-05-2022 13:56:20 map[_clientIP:::1 _dataLength:573 _hostname:LAPTOP-P2S904C5 _latency:3 _method:GET _path:/api/v1/music/list _statusCode:200 _userAgent:Mozilla/5.0 (Windows NT 10.0; Win64; x64) AppleWebKit/537.36 (KHTML, like Gecko) Chrome/101.0.4951.64 Safari/537.36 _userID:]
12-05-2022 13:56:20 map[_clientIP:::1 _dataLength:573 _hostname:LAPTOP-P2S904C5 _latency:3 _method:GET _path:/api/v1/music/list _statusCode:200 _userAgent:Mozilla/5.0 (Windows NT 10.0; Win64; x64) AppleWebKit/537.36 (KHTML, like Gecko) Chrome/101.0.4951.64 Safari/537.36 _userID:]
12-05-2022 13:59:08 map[_clientIP:::1 _dataLength:573 _hostname:LAPTOP-P2S904C5 _latency:2 _method:GET _path:/api/v1/music/list _statusCode:200 _userAgent:Mozilla/5.0 (Windows NT 10.0; Win64; x64) AppleWebKit/537.36 (KHTML, like Gecko) Chrome/101.0.4951.64 Safari/537.36 _userID:]
12-05-2022 13:59:10 map[_clientIP:::1 _dataLength:573 _hostname:LAPTOP-P2S904C5 _latency:3 _method:GET _path:/api/v1/music/list _statusCode:200 _userAgent:Mozilla/5.0 (Windows NT 10.0; Win64; x64) AppleWebKit/537.36 (KHTML, like Gecko) Chrome/101.0.4951.64 Safari/537.36 _userID:]
12-05-2022 13:59:11 map[_clientIP:::1 _dataLength:573 _hostname:LAPTOP-P2S904C5 _latency:2 _method:GET _path:/api/v1/music/list _statusCode:200 _userAgent:Mozilla/5.0 (Windows NT 10.0; Win64; x64) AppleWebKit/537.36 (KHTML, like Gecko) Chrome/101.0.4951.64 Safari/537.36 _userID:]
12-05-2022 13:59:18 map[_clientIP:::1 _dataLength:573 _hostname:LAPTOP-P2S904C5 _latency:3 _method:GET _path:/api/v1/music/list _statusCode:200 _userAgent:Mozilla/5.0 (Windows NT 10.0; Win64; x64) AppleWebKit/537.36 (KHTML, like Gecko) Chrome/101.0.4951.64 Safari/537.36 _userID:]
12-05-2022 13:59:23 map[_clientIP:::1 _dataLength:573 _hostname:LAPTOP-P2S904C5 _latency:6 _method:GET _path:/api/v1/music/list _statusCode:200 _userAgent:Mozilla/5.0 (Windows NT 10.0; Win64; x64) AppleWebKit/537.36 (KHTML, like Gecko) Chrome/101.0.4951.64 Safari/537.36 _userID:]
12-05-2022 13:59:32 map[_clientIP:::1 _dataLength:573 _hostname:LAPTOP-P2S904C5 _latency:3 _method:GET _path:/api/v1/music/list _statusCode:200 _userAgent:Mozilla/5.0 (Windows NT 10.0; Win64; x64) AppleWebKit/537.36 (KHTML, like Gecko) Chrome/101.0.4951.64 Safari/537.36 _userID:]
12-05-2022 14:03:14 map[_clientIP:::1 _dataLength:573 _hostname:LAPTOP-P2S904C5 _latency:3 _method:GET _path:/api/v1/music/list _statusCode:200 _userAgent:Mozilla/5.0 (Windows NT 10.0; Win64; x64) AppleWebKit/537.36 (KHTML, like Gecko) Chrome/101.0.4951.64 Safari/537.36 _userID:]
12-05-2022 14:03:24 map[_clientIP:::1 _dataLength:573 _hostname:LAPTOP-P2S904C5 _latency:3 _method:GET _path:/api/v1/music/list _statusCode:200 _userAgent:Mozilla/5.0 (Windows NT 10.0; Win64; x64) AppleWebKit/537.36 (KHTML, like Gecko) Chrome/101.0.4951.64 Safari/537.36 _userID:]
12-05-2022 14:03:27 map[_clientIP:::1 _dataLength:573 _hostname:LAPTOP-P2S904C5 _latency:4 _method:GET _path:/api/v1/music/list _statusCode:200 _userAgent:Mozilla/5.0 (Windows NT 10.0; Win64; x64) AppleWebKit/537.36 (KHTML, like Gecko) Chrome/101.0.4951.64 Safari/537.36 _userID:]
12-05-2022 14:03:29 map[_clientIP:::1 _dataLength:573 _hostname:LAPTOP-P2S904C5 _latency:3 _method:GET _path:/api/v1/music/list _statusCode:200 _userAgent:Mozilla/5.0 (Windows NT 10.0; Win64; x64) AppleWebKit/537.36 (KHTML, like Gecko) Chrome/101.0.4951.64 Safari/537.36 _userID:]
12-05-2022 14:03:29 map[_clientIP:::1 _dataLength:573 _hostname:LAPTOP-P2S904C5 _latency:4 _method:GET _path:/api/v1/music/list _statusCode:200 _userAgent:Mozilla/5.0 (Windows NT 10.0; Win64; x64) AppleWebKit/537.36 (KHTML, like Gecko) Chrome/101.0.4951.64 Safari/537.36 _userID:]
12-05-2022 14:03:30 map[_clientIP:::1 _dataLength:573 _hostname:LAPTOP-P2S904C5 _latency:2 _method:GET _path:/api/v1/music/list _statusCode:200 _userAgent:Mozilla/5.0 (Windows NT 10.0; Win64; x64) AppleWebKit/537.36 (KHTML, like Gecko) Chrome/101.0.4951.64 Safari/537.36 _userID:]
12-05-2022 14:03:30 map[_clientIP:::1 _dataLength:573 _hostname:LAPTOP-P2S904C5 _latency:3 _method:GET _path:/api/v1/music/list _statusCode:200 _userAgent:Mozilla/5.0 (Windows NT 10.0; Win64; x64) AppleWebKit/537.36 (KHTML, like Gecko) Chrome/101.0.4951.64 Safari/537.36 _userID:]
12-05-2022 14:03:30 map[_clientIP:::1 _dataLength:573 _hostname:LAPTOP-P2S904C5 _latency:2 _method:GET _path:/api/v1/music/list _statusCode:200 _userAgent:Mozilla/5.0 (Windows NT 10.0; Win64; x64) AppleWebKit/537.36 (KHTML, like Gecko) Chrome/101.0.4951.64 Safari/537.36 _userID:]
12-05-2022 14:03:30 map[_clientIP:::1 _dataLength:573 _hostname:LAPTOP-P2S904C5 _latency:3 _method:GET _path:/api/v1/music/list _statusCode:200 _userAgent:Mozilla/5.0 (Windows NT 10.0; Win64; x64) AppleWebKit/537.36 (KHTML, like Gecko) Chrome/101.0.4951.64 Safari/537.36 _userID:]
12-05-2022 14:03:30 map[_clientIP:::1 _dataLength:573 _hostname:LAPTOP-P2S904C5 _latency:4 _method:GET _path:/api/v1/music/list _statusCode:200 _userAgent:Mozilla/5.0 (Windows NT 10.0; Win64; x64) AppleWebKit/537.36 (KHTML, like Gecko) Chrome/101.0.4951.64 Safari/537.36 _userID:]
12-05-2022 14:03:30 map[_clientIP:::1 _dataLength:573 _hostname:LAPTOP-P2S904C5 _latency:3 _method:GET _path:/api/v1/music/list _statusCode:200 _userAgent:Mozilla/5.0 (Windows NT 10.0; Win64; x64) AppleWebKit/537.36 (KHTML, like Gecko) Chrome/101.0.4951.64 Safari/537.36 _userID:]
12-05-2022 14:03:31 map[_clientIP:::1 _dataLength:573 _hostname:LAPTOP-P2S904C5 _latency:3 _method:GET _path:/api/v1/music/list _statusCode:200 _userAgent:Mozilla/5.0 (Windows NT 10.0; Win64; x64) AppleWebKit/537.36 (KHTML, like Gecko) Chrome/101.0.4951.64 Safari/537.36 _userID:]
12-05-2022 14:03:31 map[_clientIP:::1 _dataLength:573 _hostname:LAPTOP-P2S904C5 _latency:3 _method:GET _path:/api/v1/music/list _statusCode:200 _userAgent:Mozilla/5.0 (Windows NT 10.0; Win64; x64) AppleWebKit/537.36 (KHTML, like Gecko) Chrome/101.0.4951.64 Safari/537.36 _userID:]
12-05-2022 14:03:31 map[_clientIP:::1 _dataLength:573 _hostname:LAPTOP-P2S904C5 _latency:2 _method:GET _path:/api/v1/music/list _statusCode:200 _userAgent:Mozilla/5.0 (Windows NT 10.0; Win64; x64) AppleWebKit/537.36 (KHTML, like Gecko) Chrome/101.0.4951.64 Safari/537.36 _userID:]
12-05-2022 14:03:34 map[_clientIP:::1 _dataLength:573 _hostname:LAPTOP-P2S904C5 _latency:2 _method:GET _path:/api/v1/music/list _statusCode:200 _userAgent:Mozilla/5.0 (Windows NT 10.0; Win64; x64) AppleWebKit/537.36 (KHTML, like Gecko) Chrome/101.0.4951.64 Safari/537.36 _userID:]
12-05-2022 14:03:34 map[_clientIP:::1 _dataLength:573 _hostname:LAPTOP-P2S904C5 _latency:3 _method:GET _path:/api/v1/music/list _statusCode:200 _userAgent:Mozilla/5.0 (Windows NT 10.0; Win64; x64) AppleWebKit/537.36 (KHTML, like Gecko) Chrome/101.0.4951.64 Safari/537.36 _userID:]
12-05-2022 14:03:34 map[_clientIP:::1 _dataLength:573 _hostname:LAPTOP-P2S904C5 _latency:3 _method:GET _path:/api/v1/music/list _statusCode:200 _userAgent:Mozilla/5.0 (Windows NT 10.0; Win64; x64) AppleWebKit/537.36 (KHTML, like Gecko) Chrome/101.0.4951.64 Safari/537.36 _userID:]
12-05-2022 14:08:50 map[_clientIP:::1 _dataLength:573 _hostname:LAPTOP-P2S904C5 _latency:2 _method:GET _path:/api/v1/music/list _statusCode:200 _userAgent:Mozilla/5.0 (Windows NT 10.0; Win64; x64) AppleWebKit/537.36 (KHTML, like Gecko) Chrome/101.0.4951.64 Safari/537.36 _userID:]
12-05-2022 14:08:51 map[_clientIP:::1 _dataLength:573 _hostname:LAPTOP-P2S904C5 _latency:2 _method:GET _path:/api/v1/music/list _statusCode:200 _userAgent:Mozilla/5.0 (Windows NT 10.0; Win64; x64) AppleWebKit/537.36 (KHTML, like Gecko) Chrome/101.0.4951.64 Safari/537.36 _userID:]
12-05-2022 14:08:52 map[_clientIP:::1 _dataLength:573 _hostname:LAPTOP-P2S904C5 _latency:10 _method:GET _path:/api/v1/music/list _statusCode:200 _userAgent:Mozilla/5.0 (Windows NT 10.0; Win64; x64) AppleWebKit/537.36 (KHTML, like Gecko) Chrome/101.0.4951.64 Safari/537.36 _userID:]
12-05-2022 14:08:52 map[_clientIP:::1 _dataLength:573 _hostname:LAPTOP-P2S904C5 _latency:3 _method:GET _path:/api/v1/music/list _statusCode:200 _userAgent:Mozilla/5.0 (Windows NT 10.0; Win64; x64) AppleWebKit/537.36 (KHTML, like Gecko) Chrome/101.0.4951.64 Safari/537.36 _userID:]
12-05-2022 14:09:58 map[_clientIP:::1 _dataLength:573 _hostname:LAPTOP-P2S904C5 _latency:2 _method:GET _path:/api/v1/music/list _statusCode:200 _userAgent:Mozilla/5.0 (Windows NT 10.0; Win64; x64) AppleWebKit/537.36 (KHTML, like Gecko) Chrome/101.0.4951.64 Safari/537.36 _userID:]
12-05-2022 14:10:00 map[_clientIP:::1 _dataLength:573 _hostname:LAPTOP-P2S904C5 _latency:4 _method:GET _path:/api/v1/music/list _statusCode:200 _userAgent:Mozilla/5.0 (Windows NT 10.0; Win64; x64) AppleWebKit/537.36 (KHTML, like Gecko) Chrome/101.0.4951.64 Safari/537.36 _userID:]
12-05-2022 14:10:00 map[_clientIP:::1 _dataLength:573 _hostname:LAPTOP-P2S904C5 _latency:2 _method:GET _path:/api/v1/music/list _statusCode:200 _userAgent:Mozilla/5.0 (Windows NT 10.0; Win64; x64) AppleWebKit/537.36 (KHTML, like Gecko) Chrome/101.0.4951.64 Safari/537.36 _userID:]
12-05-2022 14:10:28 map[_clientIP:::1 _dataLength:573 _hostname:LAPTOP-P2S904C5 _latency:2 _method:GET _path:/api/v1/music/list _statusCode:200 _userAgent:Mozilla/5.0 (Windows NT 10.0; Win64; x64) AppleWebKit/537.36 (KHTML, like Gecko) Chrome/101.0.4951.64 Safari/537.36 _userID:]
12-05-2022 14:10:29 map[_clientIP:::1 _dataLength:573 _hostname:LAPTOP-P2S904C5 _latency:3 _method:GET _path:/api/v1/music/list _statusCode:200 _userAgent:Mozilla/5.0 (Windows NT 10.0; Win64; x64) AppleWebKit/537.36 (KHTML, like Gecko) Chrome/101.0.4951.64 Safari/537.36 _userID:]
12-05-2022 14:10:30 map[_clientIP:::1 _dataLength:573 _hostname:LAPTOP-P2S904C5 _latency:2 _method:GET _path:/api/v1/music/list _statusCode:200 _userAgent:Mozilla/5.0 (Windows NT 10.0; Win64; x64) AppleWebKit/537.36 (KHTML, like Gecko) Chrome/101.0.4951.64 Safari/537.36 _userID:]
12-05-2022 14:10:30 map[_clientIP:::1 _dataLength:573 _hostname:LAPTOP-P2S904C5 _latency:4 _method:GET _path:/api/v1/music/list _statusCode:200 _userAgent:Mozilla/5.0 (Windows NT 10.0; Win64; x64) AppleWebKit/537.36 (KHTML, like Gecko) Chrome/101.0.4951.64 Safari/537.36 _userID:]
12-05-2022 14:10:30 map[_clientIP:::1 _dataLength:573 _hostname:LAPTOP-P2S904C5 _latency:3 _method:GET _path:/api/v1/music/list _statusCode:200 _userAgent:Mozilla/5.0 (Windows NT 10.0; Win64; x64) AppleWebKit/537.36 (KHTML, like Gecko) Chrome/101.0.4951.64 Safari/537.36 _userID:]
12-05-2022 14:10:32 map[_clientIP:::1 _dataLength:573 _hostname:LAPTOP-P2S904C5 _latency:4 _method:GET _path:/api/v1/music/list _statusCode:200 _userAgent:Mozilla/5.0 (Windows NT 10.0; Win64; x64) AppleWebKit/537.36 (KHTML, like Gecko) Chrome/101.0.4951.64 Safari/537.36 _userID:]
12-05-2022 14:10:32 map[_clientIP:::1 _dataLength:573 _hostname:LAPTOP-P2S904C5 _latency:3 _method:GET _path:/api/v1/music/list _statusCode:200 _userAgent:Mozilla/5.0 (Windows NT 10.0; Win64; x64) AppleWebKit/537.36 (KHTML, like Gecko) Chrome/101.0.4951.64 Safari/537.36 _userID:]
12-05-2022 14:10:32 map[_clientIP:::1 _dataLength:573 _hostname:LAPTOP-P2S904C5 _latency:2 _method:GET _path:/api/v1/music/list _statusCode:200 _userAgent:Mozilla/5.0 (Windows NT 10.0; Win64; x64) AppleWebKit/537.36 (KHTML, like Gecko) Chrome/101.0.4951.64 Safari/537.36 _userID:]
12-05-2022 14:10:32 map[_clientIP:::1 _dataLength:573 _hostname:LAPTOP-P2S904C5 _latency:3 _method:GET _path:/api/v1/music/list _statusCode:200 _userAgent:Mozilla/5.0 (Windows NT 10.0; Win64; x64) AppleWebKit/537.36 (KHTML, like Gecko) Chrome/101.0.4951.64 Safari/537.36 _userID:]
12-05-2022 14:14:23 map[_clientIP:::1 _dataLength:573 _hostname:LAPTOP-P2S904C5 _latency:2 _method:GET _path:/api/v1/music/list _statusCode:200 _userAgent:Mozilla/5.0 (Windows NT 10.0; Win64; x64) AppleWebKit/537.36 (KHTML, like Gecko) Chrome/101.0.4951.64 Safari/537.36 _userID:]
12-05-2022 14:14:24 map[_clientIP:::1 _dataLength:573 _hostname:LAPTOP-P2S904C5 _latency:2 _method:GET _path:/api/v1/music/list _statusCode:200 _userAgent:Mozilla/5.0 (Windows NT 10.0; Win64; x64) AppleWebKit/537.36 (KHTML, like Gecko) Chrome/101.0.4951.64 Safari/537.36 _userID:]
12-05-2022 14:14:26 map[_clientIP:::1 _dataLength:573 _hostname:LAPTOP-P2S904C5 _latency:5 _method:GET _path:/api/v1/music/list _statusCode:200 _userAgent:Mozilla/5.0 (Windows NT 10.0; Win64; x64) AppleWebKit/537.36 (KHTML, like Gecko) Chrome/101.0.4951.64 Safari/537.36 _userID:]
12-05-2022 14:14:27 map[_clientIP:::1 _dataLength:573 _hostname:LAPTOP-P2S904C5 _latency:6 _method:GET _path:/api/v1/music/list _statusCode:200 _userAgent:Mozilla/5.0 (Windows NT 10.0; Win64; x64) AppleWebKit/537.36 (KHTML, like Gecko) Chrome/101.0.4951.64 Safari/537.36 _userID:]
12-05-2022 14:14:27 map[_clientIP:::1 _dataLength:573 _hostname:LAPTOP-P2S904C5 _latency:2 _method:GET _path:/api/v1/music/list _statusCode:200 _userAgent:Mozilla/5.0 (Windows NT 10.0; Win64; x64) AppleWebKit/537.36 (KHTML, like Gecko) Chrome/101.0.4951.64 Safari/537.36 _userID:]
12-05-2022 14:15:28 map[_clientIP:::1 _dataLength:573 _hostname:LAPTOP-P2S904C5 _latency:2 _method:GET _path:/api/v1/music/list _statusCode:200 _userAgent:Mozilla/5.0 (Windows NT 10.0; Win64; x64) AppleWebKit/537.36 (KHTML, like Gecko) Chrome/101.0.4951.64 Safari/537.36 _userID:]
12-05-2022 14:15:30 map[_clientIP:::1 _dataLength:573 _hostname:LAPTOP-P2S904C5 _latency:3 _method:GET _path:/api/v1/music/list _statusCode:200 _userAgent:Mozilla/5.0 (Windows NT 10.0; Win64; x64) AppleWebKit/537.36 (KHTML, like Gecko) Chrome/101.0.4951.64 Safari/537.36 _userID:]
12-05-2022 14:15:30 map[_clientIP:::1 _dataLength:573 _hostname:LAPTOP-P2S904C5 _latency:2 _method:GET _path:/api/v1/music/list _statusCode:200 _userAgent:Mozilla/5.0 (Windows NT 10.0; Win64; x64) AppleWebKit/537.36 (KHTML, like Gecko) Chrome/101.0.4951.64 Safari/537.36 _userID:]
12-05-2022 14:15:31 map[_clientIP:::1 _dataLength:573 _hostname:LAPTOP-P2S904C5 _latency:3 _method:GET _path:/api/v1/music/list _statusCode:200 _userAgent:Mozilla/5.0 (Windows NT 10.0; Win64; x64) AppleWebKit/537.36 (KHTML, like Gecko) Chrome/101.0.4951.64 Safari/537.36 _userID:]
12-05-2022 14:15:31 map[_clientIP:::1 _dataLength:573 _hostname:LAPTOP-P2S904C5 _latency:3 _method:GET _path:/api/v1/music/list _statusCode:200 _userAgent:Mozilla/5.0 (Windows NT 10.0; Win64; x64) AppleWebKit/537.36 (KHTML, like Gecko) Chrome/101.0.4951.64 Safari/537.36 _userID:]
12-05-2022 14:15:31 map[_clientIP:::1 _dataLength:573 _hostname:LAPTOP-P2S904C5 _latency:3 _method:GET _path:/api/v1/music/list _statusCode:200 _userAgent:Mozilla/5.0 (Windows NT 10.0; Win64; x64) AppleWebKit/537.36 (KHTML, like Gecko) Chrome/101.0.4951.64 Safari/537.36 _userID:]
12-05-2022 14:15:31 map[_clientIP:::1 _dataLength:573 _hostname:LAPTOP-P2S904C5 _latency:3 _method:GET _path:/api/v1/music/list _statusCode:200 _userAgent:Mozilla/5.0 (Windows NT 10.0; Win64; x64) AppleWebKit/537.36 (KHTML, like Gecko) Chrome/101.0.4951.64 Safari/537.36 _userID:]
12-05-2022 14:15:31 map[_clientIP:::1 _dataLength:573 _hostname:LAPTOP-P2S904C5 _latency:3 _method:GET _path:/api/v1/music/list _statusCode:200 _userAgent:Mozilla/5.0 (Windows NT 10.0; Win64; x64) AppleWebKit/537.36 (KHTML, like Gecko) Chrome/101.0.4951.64 Safari/537.36 _userID:]
12-05-2022 14:15:31 map[_clientIP:::1 _dataLength:573 _hostname:LAPTOP-P2S904C5 _latency:2 _method:GET _path:/api/v1/music/list _statusCode:200 _userAgent:Mozilla/5.0 (Windows NT 10.0; Win64; x64) AppleWebKit/537.36 (KHTML, like Gecko) Chrome/101.0.4951.64 Safari/537.36 _userID:]
12-05-2022 14:15:32 map[_clientIP:::1 _dataLength:573 _hostname:LAPTOP-P2S904C5 _latency:3 _method:GET _path:/api/v1/music/list _statusCode:200 _userAgent:Mozilla/5.0 (Windows NT 10.0; Win64; x64) AppleWebKit/537.36 (KHTML, like Gecko) Chrome/101.0.4951.64 Safari/537.36 _userID:]
12-05-2022 14:15:32 map[_clientIP:::1 _dataLength:573 _hostname:LAPTOP-P2S904C5 _latency:3 _method:GET _path:/api/v1/music/list _statusCode:200 _userAgent:Mozilla/5.0 (Windows NT 10.0; Win64; x64) AppleWebKit/537.36 (KHTML, like Gecko) Chrome/101.0.4951.64 Safari/537.36 _userID:]
12-05-2022 14:15:32 map[_clientIP:::1 _dataLength:573 _hostname:LAPTOP-P2S904C5 _latency:2 _method:GET _path:/api/v1/music/list _statusCode:200 _userAgent:Mozilla/5.0 (Windows NT 10.0; Win64; x64) AppleWebKit/537.36 (KHTML, like Gecko) Chrome/101.0.4951.64 Safari/537.36 _userID:]
12-05-2022 14:15:32 map[_clientIP:::1 _dataLength:573 _hostname:LAPTOP-P2S904C5 _latency:3 _method:GET _path:/api/v1/music/list _statusCode:200 _userAgent:Mozilla/5.0 (Windows NT 10.0; Win64; x64) AppleWebKit/537.36 (KHTML, like Gecko) Chrome/101.0.4951.64 Safari/537.36 _userID:]
12-05-2022 14:17:50 map[_clientIP:::1 _dataLength:573 _hostname:LAPTOP-P2S904C5 _latency:3 _method:GET _path:/api/v1/music/list _statusCode:200 _userAgent:Mozilla/5.0 (Windows NT 10.0; Win64; x64) AppleWebKit/537.36 (KHTML, like Gecko) Chrome/101.0.4951.64 Safari/537.36 _userID:]
12-05-2022 14:17:50 map[_clientIP:::1 _dataLength:573 _hostname:LAPTOP-P2S904C5 _latency:6 _method:GET _path:/api/v1/music/list _statusCode:200 _userAgent:Mozilla/5.0 (Windows NT 10.0; Win64; x64) AppleWebKit/537.36 (KHTML, like Gecko) Chrome/101.0.4951.64 Safari/537.36 _userID:]
12-05-2022 14:21:18 map[_clientIP:::1 _dataLength:573 _hostname:LAPTOP-P2S904C5 _latency:2 _method:GET _path:/api/v1/music/list _statusCode:200 _userAgent:Mozilla/5.0 (Windows NT 10.0; Win64; x64) AppleWebKit/537.36 (KHTML, like Gecko) Chrome/101.0.4951.64 Safari/537.36 _userID:]
12-05-2022 14:24:01 map[_clientIP:::1 _dataLength:573 _hostname:LAPTOP-P2S904C5 _latency:2 _method:GET _path:/api/v1/music/list _statusCode:200 _userAgent:Mozilla/5.0 (Windows NT 10.0; Win64; x64) AppleWebKit/537.36 (KHTML, like Gecko) Chrome/101.0.4951.64 Safari/537.36 _userID:]
12-05-2022 14:25:09 map[_clientIP:::1 _dataLength:573 _hostname:LAPTOP-P2S904C5 _latency:3 _method:GET _path:/api/v1/music/list _statusCode:200 _userAgent:Mozilla/5.0 (Windows NT 10.0; Win64; x64) AppleWebKit/537.36 (KHTML, like Gecko) Chrome/101.0.4951.64 Safari/537.36 _userID:]
12-05-2022 14:25:38 map[_clientIP:::1 _dataLength:573 _hostname:LAPTOP-P2S904C5 _latency:6 _method:GET _path:/api/v1/music/list _statusCode:200 _userAgent:Mozilla/5.0 (Windows NT 10.0; Win64; x64) AppleWebKit/537.36 (KHTML, like Gecko) Chrome/101.0.4951.64 Safari/537.36 _userID:]
12-05-2022 14:26:22 map[_clientIP:::1 _dataLength:573 _hostname:LAPTOP-P2S904C5 _latency:2 _method:GET _path:/api/v1/music/list _statusCode:200 _userAgent:Mozilla/5.0 (Windows NT 10.0; Win64; x64) AppleWebKit/537.36 (KHTML, like Gecko) Chrome/101.0.4951.64 Safari/537.36 _userID:]
12-05-2022 14:26:44 map[_clientIP:::1 _dataLength:573 _hostname:LAPTOP-P2S904C5 _latency:2 _method:GET _path:/api/v1/music/list _statusCode:200 _userAgent:Mozilla/5.0 (Windows NT 10.0; Win64; x64) AppleWebKit/537.36 (KHTML, like Gecko) Chrome/101.0.4951.64 Safari/537.36 _userID:]
12-05-2022 14:27:52 map[_clientIP:::1 _dataLength:573 _hostname:LAPTOP-P2S904C5 _latency:7 _method:GET _path:/api/v1/music/list _statusCode:200 _userAgent:Mozilla/5.0 (Windows NT 10.0; Win64; x64) AppleWebKit/537.36 (KHTML, like Gecko) Chrome/101.0.4951.64 Safari/537.36 _userID:]
12-05-2022 14:42:13 map[_clientIP:::1 _dataLength:573 _hostname:LAPTOP-P2S904C5 _latency:2 _method:GET _path:/api/v1/music/list _statusCode:200 _userAgent:Mozilla/5.0 (Windows NT 10.0; Win64; x64) AppleWebKit/537.36 (KHTML, like Gecko) Chrome/101.0.4951.64 Safari/537.36 _userID:]
12-05-2022 14:42:46 map[_clientIP:::1 _dataLength:573 _hostname:LAPTOP-P2S904C5 _latency:3 _method:GET _path:/api/v1/music/list _statusCode:200 _userAgent:Mozilla/5.0 (Windows NT 10.0; Win64; x64) AppleWebKit/537.36 (KHTML, like Gecko) Chrome/101.0.4951.64 Safari/537.36 _userID:]
12-05-2022 14:42:47 map[_clientIP:::1 _dataLength:573 _hostname:LAPTOP-P2S904C5 _latency:3 _method:GET _path:/api/v1/music/list _statusCode:200 _userAgent:Mozilla/5.0 (Windows NT 10.0; Win64; x64) AppleWebKit/537.36 (KHTML, like Gecko) Chrome/101.0.4951.64 Safari/537.36 _userID:]
12-05-2022 14:42:48 map[_clientIP:::1 _dataLength:573 _hostname:LAPTOP-P2S904C5 _latency:3 _method:GET _path:/api/v1/music/list _statusCode:200 _userAgent:Mozilla/5.0 (Windows NT 10.0; Win64; x64) AppleWebKit/537.36 (KHTML, like Gecko) Chrome/101.0.4951.64 Safari/537.36 _userID:]
12-05-2022 14:42:49 map[_clientIP:::1 _dataLength:573 _hostname:LAPTOP-P2S904C5 _latency:3 _method:GET _path:/api/v1/music/list _statusCode:200 _userAgent:Mozilla/5.0 (Windows NT 10.0; Win64; x64) AppleWebKit/537.36 (KHTML, like Gecko) Chrome/101.0.4951.64 Safari/537.36 _userID:]
12-05-2022 14:42:49 map[_clientIP:::1 _dataLength:573 _hostname:LAPTOP-P2S904C5 _latency:2 _method:GET _path:/api/v1/music/list _statusCode:200 _userAgent:Mozilla/5.0 (Windows NT 10.0; Win64; x64) AppleWebKit/537.36 (KHTML, like Gecko) Chrome/101.0.4951.64 Safari/537.36 _userID:]
12-05-2022 14:43:00 map[_clientIP:::1 _dataLength:573 _hostname:LAPTOP-P2S904C5 _latency:3 _method:GET _path:/api/v1/music/list _statusCode:200 _userAgent:Mozilla/5.0 (Windows NT 10.0; Win64; x64) AppleWebKit/537.36 (KHTML, like Gecko) Chrome/101.0.4951.64 Safari/537.36 _userID:]
12-05-2022 14:43:01 map[_clientIP:::1 _dataLength:573 _hostname:LAPTOP-P2S904C5 _latency:3 _method:GET _path:/api/v1/music/list _statusCode:200 _userAgent:Mozilla/5.0 (Windows NT 10.0; Win64; x64) AppleWebKit/537.36 (KHTML, like Gecko) Chrome/101.0.4951.64 Safari/537.36 _userID:]
12-05-2022 14:44:49 map[_clientIP:::1 _dataLength:573 _hostname:LAPTOP-P2S904C5 _latency:3 _method:GET _path:/api/v1/music/list _statusCode:200 _userAgent:Mozilla/5.0 (Windows NT 10.0; Win64; x64) AppleWebKit/537.36 (KHTML, like Gecko) Chrome/101.0.4951.64 Safari/537.36 _userID:]
12-05-2022 14:44:53 map[_clientIP:::1 _dataLength:573 _hostname:LAPTOP-P2S904C5 _latency:3 _method:GET _path:/api/v1/music/list _statusCode:200 _userAgent:Mozilla/5.0 (Windows NT 10.0; Win64; x64) AppleWebKit/537.36 (KHTML, like Gecko) Chrome/101.0.4951.64 Safari/537.36 _userID:]
12-05-2022 14:46:51 map[_clientIP:::1 _dataLength:573 _hostname:LAPTOP-P2S904C5 _latency:3 _method:GET _path:/api/v1/music/list _statusCode:200 _userAgent:Mozilla/5.0 (Windows NT 10.0; Win64; x64) AppleWebKit/537.36 (KHTML, like Gecko) Chrome/101.0.4951.64 Safari/537.36 _userID:]
12-05-2022 14:46:53 map[_clientIP:::1 _dataLength:573 _hostname:LAPTOP-P2S904C5 _latency:3 _method:GET _path:/api/v1/music/list _statusCode:200 _userAgent:Mozilla/5.0 (Windows NT 10.0; Win64; x64) AppleWebKit/537.36 (KHTML, like Gecko) Chrome/101.0.4951.64 Safari/537.36 _userID:]
12-05-2022 14:46:54 map[_clientIP:::1 _dataLength:573 _hostname:LAPTOP-P2S904C5 _latency:3 _method:GET _path:/api/v1/music/list _statusCode:200 _userAgent:Mozilla/5.0 (Windows NT 10.0; Win64; x64) AppleWebKit/537.36 (KHTML, like Gecko) Chrome/101.0.4951.64 Safari/537.36 _userID:]
12-05-2022 14:47:01 map[_clientIP:::1 _dataLength:573 _hostname:LAPTOP-P2S904C5 _latency:2 _method:GET _path:/api/v1/music/list _statusCode:200 _userAgent:Mozilla/5.0 (Windows NT 10.0; Win64; x64) AppleWebKit/537.36 (KHTML, like Gecko) Chrome/101.0.4951.64 Safari/537.36 _userID:]
12-05-2022 14:47:06 map[_clientIP:::1 _dataLength:573 _hostname:LAPTOP-P2S904C5 _latency:3 _method:GET _path:/api/v1/music/list _statusCode:200 _userAgent:Mozilla/5.0 (Windows NT 10.0; Win64; x64) AppleWebKit/537.36 (KHTML, like Gecko) Chrome/101.0.4951.64 Safari/537.36 _userID:]
12-05-2022 14:47:10 map[_clientIP:::1 _dataLength:573 _hostname:LAPTOP-P2S904C5 _latency:3 _method:GET _path:/api/v1/music/list _statusCode:200 _userAgent:Mozilla/5.0 (Windows NT 10.0; Win64; x64) AppleWebKit/537.36 (KHTML, like Gecko) Chrome/101.0.4951.64 Safari/537.36 _userID:]
12-05-2022 14:49:21 map[_clientIP:::1 _dataLength:573 _hostname:LAPTOP-P2S904C5 _latency:3 _method:GET _path:/api/v1/music/list _statusCode:200 _userAgent:Mozilla/5.0 (Windows NT 10.0; Win64; x64) AppleWebKit/537.36 (KHTML, like Gecko) Chrome/101.0.4951.64 Safari/537.36 _userID:]
12-05-2022 14:49:23 map[_clientIP:::1 _dataLength:573 _hostname:LAPTOP-P2S904C5 _latency:2 _method:GET _path:/api/v1/music/list _statusCode:200 _userAgent:Mozilla/5.0 (Windows NT 10.0; Win64; x64) AppleWebKit/537.36 (KHTML, like Gecko) Chrome/101.0.4951.64 Safari/537.36 _userID:]
12-05-2022 14:49:24 map[_clientIP:::1 _dataLength:573 _hostname:LAPTOP-P2S904C5 _latency:3 _method:GET _path:/api/v1/music/list _statusCode:200 _userAgent:Mozilla/5.0 (Windows NT 10.0; Win64; x64) AppleWebKit/537.36 (KHTML, like Gecko) Chrome/101.0.4951.64 Safari/537.36 _userID:]
12-05-2022 14:49:30 map[_clientIP:::1 _dataLength:573 _hostname:LAPTOP-P2S904C5 _latency:3 _method:GET _path:/api/v1/music/list _statusCode:200 _userAgent:Mozilla/5.0 (Windows NT 10.0; Win64; x64) AppleWebKit/537.36 (KHTML, like Gecko) Chrome/101.0.4951.64 Safari/537.36 _userID:]
12-05-2022 14:49:53 map[_clientIP:::1 _dataLength:573 _hostname:LAPTOP-P2S904C5 _latency:3 _method:GET _path:/api/v1/music/list _statusCode:200 _userAgent:Mozilla/5.0 (Windows NT 10.0; Win64; x64) AppleWebKit/537.36 (KHTML, like Gecko) Chrome/101.0.4951.64 Safari/537.36 _userID:]
12-05-2022 14:49:53 map[_clientIP:::1 _dataLength:573 _hostname:LAPTOP-P2S904C5 _latency:3 _method:GET _path:/api/v1/music/list _statusCode:200 _userAgent:Mozilla/5.0 (Windows NT 10.0; Win64; x64) AppleWebKit/537.36 (KHTML, like Gecko) Chrome/101.0.4951.64 Safari/537.36 _userID:]
12-05-2022 14:49:54 map[_clientIP:::1 _dataLength:573 _hostname:LAPTOP-P2S904C5 _latency:7 _method:GET _path:/api/v1/music/list _statusCode:200 _userAgent:Mozilla/5.0 (Windows NT 10.0; Win64; x64) AppleWebKit/537.36 (KHTML, like Gecko) Chrome/101.0.4951.64 Safari/537.36 _userID:]
12-05-2022 14:49:54 map[_clientIP:::1 _dataLength:573 _hostname:LAPTOP-P2S904C5 _latency:3 _method:GET _path:/api/v1/music/list _statusCode:200 _userAgent:Mozilla/5.0 (Windows NT 10.0; Win64; x64) AppleWebKit/537.36 (KHTML, like Gecko) Chrome/101.0.4951.64 Safari/537.36 _userID:]
12-05-2022 14:49:54 map[_clientIP:::1 _dataLength:573 _hostname:LAPTOP-P2S904C5 _latency:3 _method:GET _path:/api/v1/music/list _statusCode:200 _userAgent:Mozilla/5.0 (Windows NT 10.0; Win64; x64) AppleWebKit/537.36 (KHTML, like Gecko) Chrome/101.0.4951.64 Safari/537.36 _userID:]
12-05-2022 14:49:56 map[_clientIP:::1 _dataLength:573 _hostname:LAPTOP-P2S904C5 _latency:2 _method:GET _path:/api/v1/music/list _statusCode:200 _userAgent:Mozilla/5.0 (Windows NT 10.0; Win64; x64) AppleWebKit/537.36 (KHTML, like Gecko) Chrome/101.0.4951.64 Safari/537.36 _userID:]
12-05-2022 14:54:59 map[_clientIP:::1 _dataLength:573 _hostname:LAPTOP-P2S904C5 _latency:2 _method:GET _path:/api/v1/music/list _statusCode:200 _userAgent:Mozilla/5.0 (Windows NT 10.0; Win64; x64) AppleWebKit/537.36 (KHTML, like Gecko) Chrome/101.0.4951.64 Safari/537.36 _userID:]
12-05-2022 15:08:27 map[_clientIP:::1 _dataLength:573 _hostname:LAPTOP-P2S904C5 _latency:4 _method:GET _path:/api/v1/music/list _statusCode:200 _userAgent:Mozilla/5.0 (Windows NT 10.0; Win64; x64) AppleWebKit/537.36 (KHTML, like Gecko) Chrome/101.0.4951.64 Safari/537.36 _userID:]
12-05-2022 15:08:27 map[_clientIP:::1 _dataLength:573 _hostname:LAPTOP-P2S904C5 _latency:3 _method:GET _path:/api/v1/music/list _statusCode:200 _userAgent:Mozilla/5.0 (Windows NT 10.0; Win64; x64) AppleWebKit/537.36 (KHTML, like Gecko) Chrome/101.0.4951.64 Safari/537.36 _userID:]
12-05-2022 15:09:16 map[_clientIP:::1 _dataLength:573 _hostname:LAPTOP-P2S904C5 _latency:2 _method:GET _path:/api/v1/music/list _statusCode:200 _userAgent:Mozilla/5.0 (Windows NT 10.0; Win64; x64) AppleWebKit/537.36 (KHTML, like Gecko) Chrome/101.0.4951.64 Safari/537.36 _userID:]
12-05-2022 15:09:17 map[_clientIP:::1 _dataLength:573 _hostname:LAPTOP-P2S904C5 _latency:2 _method:GET _path:/api/v1/music/list _statusCode:200 _userAgent:Mozilla/5.0 (Windows NT 10.0; Win64; x64) AppleWebKit/537.36 (KHTML, like Gecko) Chrome/101.0.4951.64 Safari/537.36 _userID:]
12-05-2022 15:09:18 map[_clientIP:::1 _dataLength:573 _hostname:LAPTOP-P2S904C5 _latency:5 _method:GET _path:/api/v1/music/list _statusCode:200 _userAgent:Mozilla/5.0 (Windows NT 10.0; Win64; x64) AppleWebKit/537.36 (KHTML, like Gecko) Chrome/101.0.4951.64 Safari/537.36 _userID:]
12-05-2022 15:09:26 map[_clientIP:::1 _dataLength:573 _hostname:LAPTOP-P2S904C5 _latency:1 _method:GET _path:/api/v1/music/list _statusCode:200 _userAgent:Mozilla/5.0 (Windows NT 10.0; Win64; x64) AppleWebKit/537.36 (KHTML, like Gecko) Chrome/101.0.4951.64 Safari/537.36 _userID:]
12-05-2022 15:09:47 map[_clientIP:::1 _dataLength:573 _hostname:LAPTOP-P2S904C5 _latency:3 _method:GET _path:/api/v1/music/list _statusCode:200 _userAgent:Mozilla/5.0 (Windows NT 10.0; Win64; x64) AppleWebKit/537.36 (KHTML, like Gecko) Chrome/101.0.4951.64 Safari/537.36 _userID:]
12-05-2022 15:10:39 map[_clientIP:::1 _dataLength:573 _hostname:LAPTOP-P2S904C5 _latency:3 _method:GET _path:/api/v1/music/list _statusCode:200 _userAgent:Mozilla/5.0 (Windows NT 10.0; Win64; x64) AppleWebKit/537.36 (KHTML, like Gecko) Chrome/101.0.4951.64 Safari/537.36 _userID:]
12-05-2022 15:11:05 map[_clientIP:::1 _dataLength:573 _hostname:LAPTOP-P2S904C5 _latency:8 _method:GET _path:/api/v1/music/list _statusCode:200 _userAgent:Mozilla/5.0 (Windows NT 10.0; Win64; x64) AppleWebKit/537.36 (KHTML, like Gecko) Chrome/101.0.4951.64 Safari/537.36 _userID:]
12-05-2022 15:11:06 map[_clientIP:::1 _dataLength:573 _hostname:LAPTOP-P2S904C5 _latency:3 _method:GET _path:/api/v1/music/list _statusCode:200 _userAgent:Mozilla/5.0 (Windows NT 10.0; Win64; x64) AppleWebKit/537.36 (KHTML, like Gecko) Chrome/101.0.4951.64 Safari/537.36 _userID:]
12-05-2022 15:11:07 map[_clientIP:::1 _dataLength:573 _hostname:LAPTOP-P2S904C5 _latency:2 _method:GET _path:/api/v1/music/list _statusCode:200 _userAgent:Mozilla/5.0 (Windows NT 10.0; Win64; x64) AppleWebKit/537.36 (KHTML, like Gecko) Chrome/101.0.4951.64 Safari/537.36 _userID:]
12-05-2022 15:11:07 map[_clientIP:::1 _dataLength:573 _hostname:LAPTOP-P2S904C5 _latency:3 _method:GET _path:/api/v1/music/list _statusCode:200 _userAgent:Mozilla/5.0 (Windows NT 10.0; Win64; x64) AppleWebKit/537.36 (KHTML, like Gecko) Chrome/101.0.4951.64 Safari/537.36 _userID:]
12-05-2022 15:11:07 map[_clientIP:::1 _dataLength:573 _hostname:LAPTOP-P2S904C5 _latency:4 _method:GET _path:/api/v1/music/list _statusCode:200 _userAgent:Mozilla/5.0 (Windows NT 10.0; Win64; x64) AppleWebKit/537.36 (KHTML, like Gecko) Chrome/101.0.4951.64 Safari/537.36 _userID:]
12-05-2022 15:11:08 map[_clientIP:::1 _dataLength:573 _hostname:LAPTOP-P2S904C5 _latency:2 _method:GET _path:/api/v1/music/list _statusCode:200 _userAgent:Mozilla/5.0 (Windows NT 10.0; Win64; x64) AppleWebKit/537.36 (KHTML, like Gecko) Chrome/101.0.4951.64 Safari/537.36 _userID:]
12-05-2022 15:11:08 map[_clientIP:::1 _dataLength:573 _hostname:LAPTOP-P2S904C5 _latency:3 _method:GET _path:/api/v1/music/list _statusCode:200 _userAgent:Mozilla/5.0 (Windows NT 10.0; Win64; x64) AppleWebKit/537.36 (KHTML, like Gecko) Chrome/101.0.4951.64 Safari/537.36 _userID:]
12-05-2022 15:12:04 map[_clientIP:::1 _dataLength:573 _hostname:LAPTOP-P2S904C5 _latency:7 _method:GET _path:/api/v1/music/list _statusCode:200 _userAgent:Mozilla/5.0 (Windows NT 10.0; Win64; x64) AppleWebKit/537.36 (KHTML, like Gecko) Chrome/101.0.4951.64 Safari/537.36 _userID:]
12-05-2022 15:12:05 map[_clientIP:::1 _dataLength:573 _hostname:LAPTOP-P2S904C5 _latency:2 _method:GET _path:/api/v1/music/list _statusCode:200 _userAgent:Mozilla/5.0 (Windows NT 10.0; Win64; x64) AppleWebKit/537.36 (KHTML, like Gecko) Chrome/101.0.4951.64 Safari/537.36 _userID:]
12-05-2022 15:14:07 map[_clientIP:::1 _dataLength:573 _hostname:LAPTOP-P2S904C5 _latency:8 _method:GET _path:/api/v1/music/list _statusCode:200 _userAgent:Mozilla/5.0 (Windows NT 10.0; Win64; x64) AppleWebKit/537.36 (KHTML, like Gecko) Chrome/101.0.4951.64 Safari/537.36 _userID:]
12-05-2022 15:15:32 map[_clientIP:::1 _dataLength:573 _hostname:LAPTOP-P2S904C5 _latency:2 _method:GET _path:/api/v1/music/list _statusCode:200 _userAgent:Mozilla/5.0 (Windows NT 10.0; Win64; x64) AppleWebKit/537.36 (KHTML, like Gecko) Chrome/101.0.4951.64 Safari/537.36 _userID:]
12-05-2022 15:15:34 map[_clientIP:::1 _dataLength:573 _hostname:LAPTOP-P2S904C5 _latency:3 _method:GET _path:/api/v1/music/list _statusCode:200 _userAgent:Mozilla/5.0 (Windows NT 10.0; Win64; x64) AppleWebKit/537.36 (KHTML, like Gecko) Chrome/101.0.4951.64 Safari/537.36 _userID:]
12-05-2022 15:15:47 map[_clientIP:::1 _dataLength:573 _hostname:LAPTOP-P2S904C5 _latency:2 _method:GET _path:/api/v1/music/list _statusCode:200 _userAgent:Mozilla/5.0 (Windows NT 10.0; Win64; x64) AppleWebKit/537.36 (KHTML, like Gecko) Chrome/101.0.4951.64 Safari/537.36 _userID:]
12-05-2022 15:16:48 map[_clientIP:::1 _dataLength:573 _hostname:LAPTOP-P2S904C5 _latency:2 _method:GET _path:/api/v1/music/list _statusCode:200 _userAgent:Mozilla/5.0 (Windows NT 10.0; Win64; x64) AppleWebKit/537.36 (KHTML, like Gecko) Chrome/101.0.4951.64 Safari/537.36 _userID:]
12-05-2022 15:27:53 map[_clientIP:::1 _dataLength:573 _hostname:LAPTOP-P2S904C5 _latency:17 _method:GET _path:/api/v1/music/list _statusCode:200 _userAgent:Mozilla/5.0 (Windows NT 10.0; Win64; x64) AppleWebKit/537.36 (KHTML, like Gecko) Chrome/101.0.4951.64 Safari/537.36 _userID:]
12-05-2022 15:27:55 map[_clientIP:::1 _dataLength:573 _hostname:LAPTOP-P2S904C5 _latency:2 _method:GET _path:/api/v1/music/list _statusCode:200 _userAgent:Mozilla/5.0 (Windows NT 10.0; Win64; x64) AppleWebKit/537.36 (KHTML, like Gecko) Chrome/101.0.4951.64 Safari/537.36 _userID:]
12-05-2022 15:27:58 map[_clientIP:::1 _dataLength:573 _hostname:LAPTOP-P2S904C5 _latency:2 _method:GET _path:/api/v1/music/list _statusCode:200 _userAgent:Mozilla/5.0 (Windows NT 10.0; Win64; x64) AppleWebKit/537.36 (KHTML, like Gecko) Chrome/101.0.4951.64 Safari/537.36 _userID:]
12-05-2022 15:28:00 map[_clientIP:::1 _dataLength:573 _hostname:LAPTOP-P2S904C5 _latency:3 _method:GET _path:/api/v1/music/list _statusCode:200 _userAgent:Mozilla/5.0 (Windows NT 10.0; Win64; x64) AppleWebKit/537.36 (KHTML, like Gecko) Chrome/101.0.4951.64 Safari/537.36 _userID:]
12-05-2022 15:29:12 map[_clientIP:::1 _dataLength:573 _hostname:LAPTOP-P2S904C5 _latency:2 _method:GET _path:/api/v1/music/list _statusCode:200 _userAgent:Mozilla/5.0 (Windows NT 10.0; Win64; x64) AppleWebKit/537.36 (KHTML, like Gecko) Chrome/101.0.4951.64 Safari/537.36 _userID:]
12-05-2022 15:29:13 map[_clientIP:::1 _dataLength:573 _hostname:LAPTOP-P2S904C5 _latency:3 _method:GET _path:/api/v1/music/list _statusCode:200 _userAgent:Mozilla/5.0 (Windows NT 10.0; Win64; x64) AppleWebKit/537.36 (KHTML, like Gecko) Chrome/101.0.4951.64 Safari/537.36 _userID:]
12-05-2022 15:29:55 map[_clientIP:::1 _dataLength:573 _hostname:LAPTOP-P2S904C5 _latency:3 _method:GET _path:/api/v1/music/list _statusCode:200 _userAgent:Mozilla/5.0 (Windows NT 10.0; Win64; x64) AppleWebKit/537.36 (KHTML, like Gecko) Chrome/101.0.4951.64 Safari/537.36 _userID:]
12-05-2022 15:29:55 map[_clientIP:::1 _dataLength:573 _hostname:LAPTOP-P2S904C5 _latency:2 _method:GET _path:/api/v1/music/list _statusCode:200 _userAgent:Mozilla/5.0 (Windows NT 10.0; Win64; x64) AppleWebKit/537.36 (KHTML, like Gecko) Chrome/101.0.4951.64 Safari/537.36 _userID:]
12-05-2022 15:29:56 map[_clientIP:::1 _dataLength:573 _hostname:LAPTOP-P2S904C5 _latency:2 _method:GET _path:/api/v1/music/list _statusCode:200 _userAgent:Mozilla/5.0 (Windows NT 10.0; Win64; x64) AppleWebKit/537.36 (KHTML, like Gecko) Chrome/101.0.4951.64 Safari/537.36 _userID:]
12-05-2022 15:29:57 map[_clientIP:::1 _dataLength:573 _hostname:LAPTOP-P2S904C5 _latency:3 _method:GET _path:/api/v1/music/list _statusCode:200 _userAgent:Mozilla/5.0 (Windows NT 10.0; Win64; x64) AppleWebKit/537.36 (KHTML, like Gecko) Chrome/101.0.4951.64 Safari/537.36 _userID:]
12-05-2022 15:29:57 map[_clientIP:::1 _dataLength:573 _hostname:LAPTOP-P2S904C5 _latency:3 _method:GET _path:/api/v1/music/list _statusCode:200 _userAgent:Mozilla/5.0 (Windows NT 10.0; Win64; x64) AppleWebKit/537.36 (KHTML, like Gecko) Chrome/101.0.4951.64 Safari/537.36 _userID:]
12-05-2022 15:29:58 map[_clientIP:::1 _dataLength:573 _hostname:LAPTOP-P2S904C5 _latency:2 _method:GET _path:/api/v1/music/list _statusCode:200 _userAgent:Mozilla/5.0 (Windows NT 10.0; Win64; x64) AppleWebKit/537.36 (KHTML, like Gecko) Chrome/101.0.4951.64 Safari/537.36 _userID:]
12-05-2022 15:29:59 map[_clientIP:::1 _dataLength:573 _hostname:LAPTOP-P2S904C5 _latency:2 _method:GET _path:/api/v1/music/list _statusCode:200 _userAgent:Mozilla/5.0 (Windows NT 10.0; Win64; x64) AppleWebKit/537.36 (KHTML, like Gecko) Chrome/101.0.4951.64 Safari/537.36 _userID:]
12-05-2022 15:29:59 map[_clientIP:::1 _dataLength:573 _hostname:LAPTOP-P2S904C5 _latency:2 _method:GET _path:/api/v1/music/list _statusCode:200 _userAgent:Mozilla/5.0 (Windows NT 10.0; Win64; x64) AppleWebKit/537.36 (KHTML, like Gecko) Chrome/101.0.4951.64 Safari/537.36 _userID:]
12-05-2022 15:30:00 map[_clientIP:::1 _dataLength:573 _hostname:LAPTOP-P2S904C5 _latency:2 _method:GET _path:/api/v1/music/list _statusCode:200 _userAgent:Mozilla/5.0 (Windows NT 10.0; Win64; x64) AppleWebKit/537.36 (KHTML, like Gecko) Chrome/101.0.4951.64 Safari/537.36 _userID:]
12-05-2022 15:30:00 map[_clientIP:::1 _dataLength:573 _hostname:LAPTOP-P2S904C5 _latency:2 _method:GET _path:/api/v1/music/list _statusCode:200 _userAgent:Mozilla/5.0 (Windows NT 10.0; Win64; x64) AppleWebKit/537.36 (KHTML, like Gecko) Chrome/101.0.4951.64 Safari/537.36 _userID:]
12-05-2022 15:30:01 map[_clientIP:::1 _dataLength:573 _hostname:LAPTOP-P2S904C5 _latency:2 _method:GET _path:/api/v1/music/list _statusCode:200 _userAgent:Mozilla/5.0 (Windows NT 10.0; Win64; x64) AppleWebKit/537.36 (KHTML, like Gecko) Chrome/101.0.4951.64 Safari/537.36 _userID:]
12-05-2022 15:30:01 map[_clientIP:::1 _dataLength:573 _hostname:LAPTOP-P2S904C5 _latency:3 _method:GET _path:/api/v1/music/list _statusCode:200 _userAgent:Mozilla/5.0 (Windows NT 10.0; Win64; x64) AppleWebKit/537.36 (KHTML, like Gecko) Chrome/101.0.4951.64 Safari/537.36 _userID:]
12-05-2022 15:30:01 map[_clientIP:::1 _dataLength:573 _hostname:LAPTOP-P2S904C5 _latency:2 _method:GET _path:/api/v1/music/list _statusCode:200 _userAgent:Mozilla/5.0 (Windows NT 10.0; Win64; x64) AppleWebKit/537.36 (KHTML, like Gecko) Chrome/101.0.4951.64 Safari/537.36 _userID:]
12-05-2022 15:31:08 map[_clientIP:::1 _dataLength:573 _hostname:LAPTOP-P2S904C5 _latency:3 _method:GET _path:/api/v1/music/list _statusCode:200 _userAgent:Mozilla/5.0 (Windows NT 10.0; Win64; x64) AppleWebKit/537.36 (KHTML, like Gecko) Chrome/101.0.4951.64 Safari/537.36 _userID:]
12-05-2022 15:31:14 map[_clientIP:::1 _dataLength:573 _hostname:LAPTOP-P2S904C5 _latency:8 _method:GET _path:/api/v1/music/list _statusCode:200 _userAgent:Mozilla/5.0 (Windows NT 10.0; Win64; x64) AppleWebKit/537.36 (KHTML, like Gecko) Chrome/101.0.4951.64 Safari/537.36 _userID:]
12-05-2022 15:31:33 map[_clientIP:::1 _dataLength:143669 _hostname:LAPTOP-P2S904C5 _latency:3 _method:GET _path:/swagger/swagger-ui.css _statusCode:200 _userAgent:Mozilla/5.0 (Windows NT 10.0; Win64; x64) AppleWebKit/537.36 (KHTML, like Gecko) Chrome/101.0.4951.64 Safari/537.36 _userID:]
12-05-2022 15:31:33 map[_clientIP:::1 _dataLength:1091405 _hostname:LAPTOP-P2S904C5 _latency:7 _method:GET _path:/swagger/swagger-ui-bundle.js _statusCode:200 _userAgent:Mozilla/5.0 (Windows NT 10.0; Win64; x64) AppleWebKit/537.36 (KHTML, like Gecko) Chrome/101.0.4951.64 Safari/537.36 _userID:]
12-05-2022 15:31:33 map[_clientIP:::1 _dataLength:337216 _hostname:LAPTOP-P2S904C5 _latency:4 _method:GET _path:/swagger/swagger-ui-standalone-preset.js _statusCode:200 _userAgent:Mozilla/5.0 (Windows NT 10.0; Win64; x64) AppleWebKit/537.36 (KHTML, like Gecko) Chrome/101.0.4951.64 Safari/537.36 _userID:]
12-05-2022 15:31:33 map[_clientIP:::1 _dataLength:16836 _hostname:LAPTOP-P2S904C5 _latency:2 _method:GET _path:/swagger/doc.json _statusCode:200 _userAgent:Mozilla/5.0 (Windows NT 10.0; Win64; x64) AppleWebKit/537.36 (KHTML, like Gecko) Chrome/101.0.4951.64 Safari/537.36 _userID:]
12-05-2022 15:31:36 map[_clientIP:::1 _dataLength:573 _hostname:LAPTOP-P2S904C5 _latency:2 _method:GET _path:/api/v1/music/list _statusCode:200 _userAgent:Mozilla/5.0 (Windows NT 10.0; Win64; x64) AppleWebKit/537.36 (KHTML, like Gecko) Chrome/101.0.4951.64 Safari/537.36 _userID:]
12-05-2022 15:32:10 map[_clientIP:::1 _dataLength:573 _hostname:LAPTOP-P2S904C5 _latency:2 _method:GET _path:/api/v1/music/list _statusCode:200 _userAgent:Mozilla/5.0 (Windows NT 10.0; Win64; x64) AppleWebKit/537.36 (KHTML, like Gecko) Chrome/101.0.4951.64 Safari/537.36 _userID:]
12-05-2022 15:32:55 map[_clientIP:::1 _dataLength:573 _hostname:LAPTOP-P2S904C5 _latency:2 _method:GET _path:/api/v1/music/list _statusCode:200 _userAgent:Mozilla/5.0 (Windows NT 10.0; Win64; x64) AppleWebKit/537.36 (KHTML, like Gecko) Chrome/101.0.4951.64 Safari/537.36 _userID:]
12-05-2022 15:33:31 map[_clientIP:::1 _dataLength:573 _hostname:LAPTOP-P2S904C5 _latency:3 _method:GET _path:/api/v1/music/list _statusCode:200 _userAgent:Mozilla/5.0 (Windows NT 10.0; Win64; x64) AppleWebKit/537.36 (KHTML, like Gecko) Chrome/101.0.4951.64 Safari/537.36 _userID:]
12-05-2022 15:33:56 map[_clientIP:::1 _dataLength:573 _hostname:LAPTOP-P2S904C5 _latency:3 _method:GET _path:/api/v1/music/list _statusCode:200 _userAgent:Mozilla/5.0 (Windows NT 10.0; Win64; x64) AppleWebKit/537.36 (KHTML, like Gecko) Chrome/101.0.4951.64 Safari/537.36 _userID:]
12-05-2022 15:35:26 map[_clientIP:::1 _dataLength:573 _hostname:LAPTOP-P2S904C5 _latency:3 _method:GET _path:/api/v1/music/list _statusCode:200 _userAgent:Mozilla/5.0 (Windows NT 10.0; Win64; x64) AppleWebKit/537.36 (KHTML, like Gecko) Chrome/101.0.4951.64 Safari/537.36 _userID:]
12-05-2022 17:18:13 map[_clientIP:::1 _dataLength:573 _hostname:LAPTOP-P2S904C5 _latency:10 _method:GET _path:/api/v1/music/list _statusCode:200 _userAgent:Mozilla/5.0 (Windows NT 10.0; Win64; x64) AppleWebKit/537.36 (KHTML, like Gecko) Chrome/101.0.4951.64 Safari/537.36 _userID:]
12-05-2022 17:18:24 map[_clientIP:::1 _dataLength:573 _hostname:LAPTOP-P2S904C5 _latency:3 _method:GET _path:/api/v1/music/list _statusCode:200 _userAgent:Mozilla/5.0 (Windows NT 10.0; Win64; x64) AppleWebKit/537.36 (KHTML, like Gecko) Chrome/101.0.4951.64 Safari/537.36 _userID:]
12-05-2022 17:18:25 map[_clientIP:::1 _dataLength:573 _hostname:LAPTOP-P2S904C5 _latency:8 _method:GET _path:/api/v1/music/list _statusCode:200 _userAgent:Mozilla/5.0 (Windows NT 10.0; Win64; x64) AppleWebKit/537.36 (KHTML, like Gecko) Chrome/101.0.4951.64 Safari/537.36 _userID:]
12-05-2022 17:18:26 map[_clientIP:::1 _dataLength:573 _hostname:LAPTOP-P2S904C5 _latency:1 _method:GET _path:/api/v1/music/list _statusCode:200 _userAgent:Mozilla/5.0 (Windows NT 10.0; Win64; x64) AppleWebKit/537.36 (KHTML, like Gecko) Chrome/101.0.4951.64 Safari/537.36 _userID:]
12-05-2022 17:18:28 map[_clientIP:::1 _dataLength:573 _hostname:LAPTOP-P2S904C5 _latency:3 _method:GET _path:/api/v1/music/list _statusCode:200 _userAgent:Mozilla/5.0 (Windows NT 10.0; Win64; x64) AppleWebKit/537.36 (KHTML, like Gecko) Chrome/101.0.4951.64 Safari/537.36 _userID:]
12-05-2022 17:18:55 map[_clientIP:::1 _dataLength:573 _hostname:LAPTOP-P2S904C5 _latency:3 _method:GET _path:/api/v1/music/list _statusCode:200 _userAgent:Mozilla/5.0 (Windows NT 10.0; Win64; x64) AppleWebKit/537.36 (KHTML, like Gecko) Chrome/101.0.4951.64 Safari/537.36 _userID:]
12-05-2022 17:19:11 map[_clientIP:::1 _dataLength:573 _hostname:LAPTOP-P2S904C5 _latency:4 _method:GET _path:/api/v1/music/list _statusCode:200 _userAgent:Mozilla/5.0 (Windows NT 10.0; Win64; x64) AppleWebKit/537.36 (KHTML, like Gecko) Chrome/101.0.4951.64 Safari/537.36 _userID:]
12-05-2022 17:19:16 map[_clientIP:::1 _dataLength:573 _hostname:LAPTOP-P2S904C5 _latency:2 _method:GET _path:/api/v1/music/list _statusCode:200 _userAgent:Mozilla/5.0 (Windows NT 10.0; Win64; x64) AppleWebKit/537.36 (KHTML, like Gecko) Chrome/101.0.4951.64 Safari/537.36 _userID:]
12-05-2022 17:19:19 map[_clientIP:::1 _dataLength:573 _hostname:LAPTOP-P2S904C5 _latency:2 _method:GET _path:/api/v1/music/list _statusCode:200 _userAgent:Mozilla/5.0 (Windows NT 10.0; Win64; x64) AppleWebKit/537.36 (KHTML, like Gecko) Chrome/101.0.4951.64 Safari/537.36 _userID:]
12-05-2022 17:19:20 map[_clientIP:::1 _dataLength:573 _hostname:LAPTOP-P2S904C5 _latency:9 _method:GET _path:/api/v1/music/list _statusCode:200 _userAgent:Mozilla/5.0 (Windows NT 10.0; Win64; x64) AppleWebKit/537.36 (KHTML, like Gecko) Chrome/101.0.4951.64 Safari/537.36 _userID:]
12-05-2022 17:19:22 map[_clientIP:::1 _dataLength:573 _hostname:LAPTOP-P2S904C5 _latency:3 _method:GET _path:/api/v1/music/list _statusCode:200 _userAgent:Mozilla/5.0 (Windows NT 10.0; Win64; x64) AppleWebKit/537.36 (KHTML, like Gecko) Chrome/101.0.4951.64 Safari/537.36 _userID:]
12-05-2022 17:19:23 map[_clientIP:::1 _dataLength:573 _hostname:LAPTOP-P2S904C5 _latency:1 _method:GET _path:/api/v1/music/list _statusCode:200 _userAgent:Mozilla/5.0 (Windows NT 10.0; Win64; x64) AppleWebKit/537.36 (KHTML, like Gecko) Chrome/101.0.4951.64 Safari/537.36 _userID:]
12-05-2022 17:19:24 map[_clientIP:::1 _dataLength:573 _hostname:LAPTOP-P2S904C5 _latency:3 _method:GET _path:/api/v1/music/list _statusCode:200 _userAgent:Mozilla/5.0 (Windows NT 10.0; Win64; x64) AppleWebKit/537.36 (KHTML, like Gecko) Chrome/101.0.4951.64 Safari/537.36 _userID:]
12-05-2022 17:19:26 map[_clientIP:::1 _dataLength:573 _hostname:LAPTOP-P2S904C5 _latency:9 _method:GET _path:/api/v1/music/list _statusCode:200 _userAgent:Mozilla/5.0 (Windows NT 10.0; Win64; x64) AppleWebKit/537.36 (KHTML, like Gecko) Chrome/101.0.4951.64 Safari/537.36 _userID:]
12-05-2022 17:19:28 map[_clientIP:::1 _dataLength:573 _hostname:LAPTOP-P2S904C5 _latency:4 _method:GET _path:/api/v1/music/list _statusCode:200 _userAgent:Mozilla/5.0 (Windows NT 10.0; Win64; x64) AppleWebKit/537.36 (KHTML, like Gecko) Chrome/101.0.4951.64 Safari/537.36 _userID:]
12-05-2022 17:23:54 map[_clientIP:::1 _dataLength:573 _hostname:LAPTOP-P2S904C5 _latency:4 _method:GET _path:/api/v1/music/list _statusCode:200 _userAgent:Mozilla/5.0 (iPhone; CPU iPhone OS 13_2_3 like Mac OS X) AppleWebKit/605.1.15 (KHTML, like Gecko) Version/13.0.3 Mobile/15E148 Safari/604.1 _userID:]
12-05-2022 17:23:55 map[_clientIP:::1 _dataLength:573 _hostname:LAPTOP-P2S904C5 _latency:3 _method:GET _path:/api/v1/music/list _statusCode:200 _userAgent:Mozilla/5.0 (iPhone; CPU iPhone OS 13_2_3 like Mac OS X) AppleWebKit/605.1.15 (KHTML, like Gecko) Version/13.0.3 Mobile/15E148 Safari/604.1 _userID:]
12-05-2022 17:24:04 map[_clientIP:::1 _dataLength:573 _hostname:LAPTOP-P2S904C5 _latency:2 _method:GET _path:/api/v1/music/list _statusCode:200 _userAgent:Mozilla/5.0 (iPhone; CPU iPhone OS 13_2_3 like Mac OS X) AppleWebKit/605.1.15 (KHTML, like Gecko) Version/13.0.3 Mobile/15E148 Safari/604.1 _userID:]
12-05-2022 17:24:10 map[_clientIP:::1 _dataLength:573 _hostname:LAPTOP-P2S904C5 _latency:1 _method:GET _path:/api/v1/music/list _statusCode:200 _userAgent:Mozilla/5.0 (iPhone; CPU iPhone OS 13_2_3 like Mac OS X) AppleWebKit/605.1.15 (KHTML, like Gecko) Version/13.0.3 Mobile/15E148 Safari/604.1 _userID:]
12-05-2022 17:25:52 map[_clientIP:::1 _dataLength:573 _hostname:LAPTOP-P2S904C5 _latency:3 _method:GET _path:/api/v1/music/list _statusCode:200 _userAgent:Mozilla/5.0 (iPhone; CPU iPhone OS 13_2_3 like Mac OS X) AppleWebKit/605.1.15 (KHTML, like Gecko) Version/13.0.3 Mobile/15E148 Safari/604.1 _userID:]
