26-11-2021 22:03:35 map[_clientIP:::1 _dataLength:56 _hostname:LAPTOP-P2S904C5 _latency:119 _method:POST _path:/api/v1/user _statusCode:400 _userAgent:PostmanRuntime/7.28.3 _userID:32418eb3-02e1-4b85-8770-dedc75]
26-11-2021 22:04:05 map[_clientIP:::1 _dataLength:192 _hostname:LAPTOP-P2S904C5 _latency:136 _method:POST _path:/api/v1/user _statusCode:201 _userAgent:PostmanRuntime/7.28.3 _userID:32418eb3-02e1-4b85-8770-dedc75]
26-11-2021 22:05:53 map[_clientIP:::1 _dataLength:192 _hostname:LAPTOP-P2S904C5 _latency:7 _method:POST _path:/api/v1/user _statusCode:201 _userAgent:PostmanRuntime/7.28.3 _userID:32418eb3-02e1-4b85-8770-dedc75]
26-11-2021 22:06:15 map[_clientIP:127.0.0.1 _dataLength:210 _hostname:LAPTOP-P2S904C5 _latency:127 _method:POST _path:/api/v1/user _statusCode:201 _userAgent:PostmanRuntime/7.28.3 _userID:32418eb3-02e1-4b85-8770-dedc75]
26-11-2021 22:11:39 map[_clientIP:::1 _dataLength:377 _hostname:LAPTOP-P2S904C5 _latency:83 _method:POST _path:/api/v1/user _statusCode:201 _userAgent:PostmanRuntime/7.28.3 _userID:32418eb3-02e1-4b85-8770-dedc75]
26-11-2021 22:17:43 map[_clientIP:::1 _dataLength:62 _hostname:LAPTOP-P2S904C5 _latency:83 _method:POST _path:/api/v1/user _statusCode:500 _userAgent:PostmanRuntime/7.28.3 _userID:32418eb3-02e1-4b85-8770-dedc75]
26-11-2021 22:19:10 map[_clientIP:::1 _dataLength:44 _hostname:LAPTOP-P2S904C5 _latency:135 _method:POST _path:/api/v1/user _statusCode:201 _userAgent:PostmanRuntime/7.28.3 _userID:32418eb3-02e1-4b85-8770-dedc75]
26-11-2021 22:26:44 map[_clientIP:::1 _dataLength:169 _hostname:LAPTOP-P2S904C5 _latency:5 _method:POST _path:/api/v1/auth/token _statusCode:200 _userAgent:PostmanRuntime/7.28.3 _userID:]
26-11-2021 22:27:46 map[_clientIP:::1 _dataLength:0 _hostname:LAPTOP-P2S904C5 _latency:0 _method:DELETE _path:/api/v1/user _statusCode:404 _userAgent:PostmanRuntime/7.28.3 _userID:]
26-11-2021 22:28:30 map[_clientIP:::1 _dataLength:0 _hostname:LAPTOP-P2S904C5 _latency:0 _method:DELETE _path:/api/v1/user/ _statusCode:404 _userAgent:PostmanRuntime/7.28.3 _userID:]
26-11-2021 22:28:33 map[_clientIP:::1 _dataLength:0 _hostname:LAPTOP-P2S904C5 _latency:6 _method:DELETE _path:/api/v1/user/wer _statusCode:200 _userAgent:PostmanRuntime/7.28.3 _userID:32418eb3-02e1-4b85-8770-dedc75]
26-11-2021 22:29:25 map[_clientIP:127.0.0.1 _dataLength:5 _hostname:LAPTOP-P2S904C5 _latency:132 _method:DELETE _path:/api/v1/user/wer _statusCode:502 _userAgent:PostmanRuntime/7.28.3 _userID:32418eb3-02e1-4b85-8770-dedc75]
26-11-2021 22:33:48 map[_clientIP:::1 _dataLength:5 _hostname:LAPTOP-P2S904C5 _latency:111 _method:DELETE _path:/api/v1/user/wer _statusCode:502 _userAgent:PostmanRuntime/7.28.3 _userID:32418eb3-02e1-4b85-8770-dedc75]
26-11-2021 22:34:42 map[_clientIP:127.0.0.1 _dataLength:52 _hostname:LAPTOP-P2S904C5 _latency:115 _method:DELETE _path:/api/v1/user/wer _statusCode:400 _userAgent:PostmanRuntime/7.28.3 _userID:32418eb3-02e1-4b85-8770-dedc75]
26-11-2021 22:35:29 map[_clientIP:::1 _dataLength:52 _hostname:LAPTOP-P2S904C5 _latency:115 _method:DELETE _path:/api/v1/user/wer _statusCode:400 _userAgent:PostmanRuntime/7.28.3 _userID:32418eb3-02e1-4b85-8770-dedc75]
26-11-2021 22:41:15 map[_clientIP:::1 _dataLength:122 _hostname:LAPTOP-P2S904C5 _latency:55 _method:GET _path:/api/v1/user _statusCode:200 _userAgent:PostmanRuntime/7.28.3 _userID:41b5a24d-5925-45e5-92d8-9e6ffa]
26-11-2021 22:41:36 map[_clientIP:::1 _dataLength:32 _hostname:LAPTOP-P2S904C5 _latency:51 _method:DELETE _path:/api/v1/user/41b5a24d-5925-45e5-92d8-9e6ffa _statusCode:502 _userAgent:PostmanRuntime/7.28.3 _userID:32418eb3-02e1-4b85-8770-dedc75]
26-11-2021 22:41:51 map[_clientIP:::1 _dataLength:62 _hostname:LAPTOP-P2S904C5 _latency:101 _method:DELETE _path:/api/v1/user/41b5a24d-5925-45e5-92d8-9e6ffa _statusCode:500 _userAgent:PostmanRuntime/7.28.3 _userID:32418eb3-02e1-4b85-8770-dedc75]
26-11-2021 22:42:43 map[_clientIP:::1 _dataLength:62 _hostname:LAPTOP-P2S904C5 _latency:126 _method:DELETE _path:/api/v1/user/41b5a24d-5925-45e5-92d8-9e6ffa _statusCode:500 _userAgent:PostmanRuntime/7.28.3 _userID:32418eb3-02e1-4b85-8770-dedc75]
26-11-2021 22:45:12 map[_clientIP:::1 _dataLength:62 _hostname:LAPTOP-P2S904C5 _latency:115 _method:DELETE _path:/api/v1/user/41b5a24d-5925-45e5-92d8-9e6ffa _statusCode:500 _userAgent:PostmanRuntime/7.28.3 _userID:32418eb3-02e1-4b85-8770-dedc75]
26-11-2021 22:45:56 map[_clientIP:::1 _dataLength:62 _hostname:LAPTOP-P2S904C5 _latency:117 _method:DELETE _path:/api/v1/user/41b5a24d-5925-45e5-92d8-9e6ffa _statusCode:500 _userAgent:PostmanRuntime/7.28.3 _userID:32418eb3-02e1-4b85-8770-dedc75]
26-11-2021 22:47:53 map[_clientIP:::1 _dataLength:62 _hostname:LAPTOP-P2S904C5 _latency:126 _method:DELETE _path:/api/v1/user/41b5a24d-5925-45e5-92d8-9e6ffa _statusCode:500 _userAgent:PostmanRuntime/7.28.3 _userID:32418eb3-02e1-4b85-8770-dedc75]
26-11-2021 22:49:17 map[_clientIP:::1 _dataLength:62 _hostname:LAPTOP-P2S904C5 _latency:126 _method:DELETE _path:/api/v1/user/41b5a24d-5925-45e5-92d8-9e6ffa _statusCode:500 _userAgent:PostmanRuntime/7.28.3 _userID:32418eb3-02e1-4b85-8770-dedc75]
26-11-2021 22:56:12 map[_clientIP:127.0.0.1 _dataLength:44 _hostname:LAPTOP-P2S904C5 _latency:119 _method:DELETE _path:/api/v1/user/41b5a24d-5925-45e5-92d8-9e6ffa _statusCode:200 _userAgent:PostmanRuntime/7.28.3 _userID:32418eb3-02e1-4b85-8770-dedc75]
26-11-2021 22:57:20 map[_clientIP:::1 _dataLength:44 _hostname:LAPTOP-P2S904C5 _latency:105 _method:DELETE _path:/api/v1/user/41b5a24d-5925-45e5-92d8-9e6ffa _statusCode:200 _userAgent:PostmanRuntime/7.28.3 _userID:32418eb3-02e1-4b85-8770-dedc75]
26-11-2021 22:59:59 map[_clientIP:::1 _dataLength:44 _hostname:LAPTOP-P2S904C5 _latency:9 _method:DELETE _path:/api/v1/user/41b5a24d-5925-45e5-92d8-9e6ffa _statusCode:200 _userAgent:PostmanRuntime/7.28.3 _userID:32418eb3-02e1-4b85-8770-dedc75]
26-11-2021 23:01:04 map[_clientIP:::1 _dataLength:44 _hostname:LAPTOP-P2S904C5 _latency:44 _method:DELETE _path:/api/v1/user/41b5a24d-5925-45e5-92d8-9e6ffa _statusCode:200 _userAgent:PostmanRuntime/7.28.3 _userID:32418eb3-02e1-4b85-8770-dedc75]
26-11-2021 23:02:09 map[_clientIP:::1 _dataLength:44 _hostname:LAPTOP-P2S904C5 _latency:79 _method:DELETE _path:/api/v1/user/41b5a24d-5925-45e5-92d8-9e6ffa _statusCode:200 _userAgent:PostmanRuntime/7.28.3 _userID:32418eb3-02e1-4b85-8770-dedc75]
26-11-2021 23:10:43 map[_clientIP:::1 _dataLength:44 _hostname:LAPTOP-P2S904C5 _latency:104 _method:DELETE _path:/api/v1/user/41b5a24d-5925-45e5-92d8-9e6ffa _statusCode:200 _userAgent:PostmanRuntime/7.28.3 _userID:32418eb3-02e1-4b85-8770-dedc75]
26-11-2021 23:11:02 map[_clientIP:::1 _dataLength:44 _hostname:LAPTOP-P2S904C5 _latency:46 _method:DELETE _path:/api/v1/user/41b5a24d-5925-45e5-92d8-9e6ffa _statusCode:200 _userAgent:PostmanRuntime/7.28.3 _userID:32418eb3-02e1-4b85-8770-dedc75]
