27-11-2021 00:34:23 map[_clientIP:::1 _dataLength:105 _hostname:LAPTOP-P2S904C5 _latency:34 _method:POST _path:/api/v1/auth/token _statusCode:200 _userAgent:PostmanRuntime/7.28.3 _userID:]
27-11-2021 00:34:40 map[_clientIP:::1 _dataLength:168 _hostname:LAPTOP-P2S904C5 _latency:2 _method:POST _path:/api/v1/auth/token _statusCode:200 _userAgent:PostmanRuntime/7.28.3 _userID:]
27-11-2021 00:35:45 map[_clientIP:::1 _dataLength:0 _hostname:LAPTOP-P2S904C5 _latency:20 _method:PUT _path:/api/v1/user _statusCode:200 _userAgent:PostmanRuntime/7.28.3 _userID:41b5a24d-5925-45e5-92d8-9e6ff1]
27-11-2021 00:35:56 map[_clientIP:127.0.0.1 _dataLength:93 _hostname:LAPTOP-P2S904C5 _latency:136 _method:PUT _path:/api/v1/user _statusCode:400 _userAgent:PostmanRuntime/7.28.3 _userID:41b5a24d-5925-45e5-92d8-9e6ff1]
27-11-2021 00:36:47 map[_clientIP:::1 _dataLength:62 _hostname:LAPTOP-P2S904C5 _latency:79 _method:PUT _path:/api/v1/user _statusCode:500 _userAgent:PostmanRuntime/7.28.3 _userID:41b5a24d-5925-45e5-92d8-9e6ff1]
27-11-2021 00:37:12 map[_clientIP:::1 _dataLength:44 _hostname:LAPTOP-P2S904C5 _latency:93 _method:PUT _path:/api/v1/user _statusCode:200 _userAgent:PostmanRuntime/7.28.3 _userID:41b5a24d-5925-45e5-92d8-9e6ff1]
27-11-2021 00:38:23 map[_clientIP:::1 _dataLength:44 _hostname:LAPTOP-P2S904C5 _latency:75 _method:PUT _path:/api/v1/user _statusCode:200 _userAgent:PostmanRuntime/7.28.3 _userID:41b5a24d-5925-45e5-92d8-9e6ff1]
27-11-2021 01:02:16 map[_clientIP:::1 _dataLength:0 _hostname:LAPTOP-P2S904C5 _latency:0 _method:PUT _path:/api/v1/user/password _statusCode:404 _userAgent:PostmanRuntime/7.28.3 _userID:]
27-11-2021 01:02:35 map[_clientIP:::1 _dataLength:69 _hostname:LAPTOP-P2S904C5 _latency:139 _method:PUT _path:/api/v1/user/password _statusCode:403 _userAgent:PostmanRuntime/7.28.3 _userID:]
27-11-2021 01:04:06 map[_clientIP:::1 _dataLength:0 _hostname:LAPTOP-P2S904C5 _latency:42 _method:PUT _path:/api/v1/user/password _statusCode:200 _userAgent:PostmanRuntime/7.28.3 _userID:41b5a24d-5925-45e5-92d8-9e6ff1]
27-11-2021 01:09:43 map[_clientIP:::1 _dataLength:62 _hostname:LAPTOP-P2S904C5 _latency:205 _method:PUT _path:/api/v1/user/password _statusCode:500 _userAgent:PostmanRuntime/7.28.3 _userID:41b5a24d-5925-45e5-92d8-9e6ff1]
27-11-2021 01:16:50 map[_clientIP:::1 _dataLength:44 _hostname:LAPTOP-P2S904C5 _latency:109 _method:PUT _path:/api/v1/user/password _statusCode:200 _userAgent:PostmanRuntime/7.28.3 _userID:41b5a24d-5925-45e5-92d8-9e6ff1]
27-11-2021 01:17:00 map[_clientIP:::1 _dataLength:61 _hostname:LAPTOP-P2S904C5 _latency:43 _method:PUT _path:/api/v1/user/password _statusCode:400 _userAgent:PostmanRuntime/7.28.3 _userID:41b5a24d-5925-45e5-92d8-9e6ff1]
27-11-2021 01:55:34 map[_clientIP:::1 _dataLength:93 _hostname:LAPTOP-P2S904C5 _latency:95 _method:GET _path:/api/v1/user/login _statusCode:400 _userAgent:PostmanRuntime/7.28.3 _userID:41b5a24d-5925-45e5-92d8-9e6ff1]
27-11-2021 01:56:45 map[_clientIP:::1 _dataLength:62 _hostname:LAPTOP-P2S904C5 _latency:82 _method:GET _path:/api/v1/user/login _statusCode:500 _userAgent:PostmanRuntime/7.28.3 _userID:41b5a24d-5925-45e5-92d8-9e6ff1]
27-11-2021 01:57:06 map[_clientIP:127.0.0.1 _dataLength:62 _hostname:LAPTOP-P2S904C5 _latency:139 _method:GET _path:/api/v1/user/login _statusCode:500 _userAgent:PostmanRuntime/7.28.3 _userID:41b5a24d-5925-45e5-92d8-9e6ff1]
27-11-2021 01:57:59 map[_clientIP:::1 _dataLength:44 _hostname:LAPTOP-P2S904C5 _latency:116 _method:GET _path:/api/v1/user/login _statusCode:200 _userAgent:PostmanRuntime/7.28.3 _userID:41b5a24d-5925-45e5-92d8-9e6ff1]
27-11-2021 01:58:52 map[_clientIP:127.0.0.1 _dataLength:0 _hostname:LAPTOP-P2S904C5 _latency:160 _method:GET _path:/api/v1/user/login _statusCode:204 _userAgent:PostmanRuntime/7.28.3 _userID:41b5a24d-5925-45e5-92d8-9e6ff1]
27-11-2021 01:58:57 map[_clientIP:127.0.0.1 _dataLength:0 _hostname:LAPTOP-P2S904C5 _latency:11 _method:GET _path:/api/v1/user/login _statusCode:204 _userAgent:PostmanRuntime/7.28.3 _userID:41b5a24d-5925-45e5-92d8-9e6ff1]
27-11-2021 01:59:57 map[_clientIP:::1 _dataLength:44 _hostname:LAPTOP-P2S904C5 _latency:99 _method:GET _path:/api/v1/user/login _statusCode:200 _userAgent:PostmanRuntime/7.28.3 _userID:41b5a24d-5925-45e5-92d8-9e6ff1]
27-11-2021 02:00:07 map[_clientIP:::1 _dataLength:0 _hostname:LAPTOP-P2S904C5 _latency:6 _method:GET _path:/api/v1/user/login _statusCode:204 _userAgent:PostmanRuntime/7.28.3 _userID:41b5a24d-5925-45e5-92d8-9e6ff1]
27-11-2021 02:01:54 map[_clientIP:::1 _dataLength:0 _hostname:LAPTOP-P2S904C5 _latency:85 _method:GET _path:/api/v1/user/login _statusCode:204 _userAgent:PostmanRuntime/7.28.3 _userID:41b5a24d-5925-45e5-92d8-9e6ff1]
27-11-2021 02:02:00 map[_clientIP:::1 _dataLength:0 _hostname:LAPTOP-P2S904C5 _latency:42 _method:GET _path:/api/v1/user/login _statusCode:204 _userAgent:PostmanRuntime/7.28.3 _userID:41b5a24d-5925-45e5-92d8-9e6ff1]
27-11-2021 02:02:10 map[_clientIP:::1 _dataLength:44 _hostname:LAPTOP-P2S904C5 _latency:52 _method:GET _path:/api/v1/user/login _statusCode:200 _userAgent:PostmanRuntime/7.28.3 _userID:41b5a24d-5925-45e5-92d8-9e6ff1]
27-11-2021 02:03:09 map[_clientIP:::1 _dataLength:44 _hostname:LAPTOP-P2S904C5 _latency:7 _method:GET _path:/api/v1/user/login _statusCode:200 _userAgent:PostmanRuntime/7.28.3 _userID:41b5a24d-5925-45e5-92d8-9e6ff1]
27-11-2021 02:03:15 map[_clientIP:::1 _dataLength:0 _hostname:LAPTOP-P2S904C5 _latency:8 _method:GET _path:/api/v1/user/login _statusCode:204 _userAgent:PostmanRuntime/7.28.3 _userID:41b5a24d-5925-45e5-92d8-9e6ff1]
27-11-2021 02:03:52 map[_clientIP:127.0.0.1 _dataLength:0 _hostname:LAPTOP-P2S904C5 _latency:166 _method:GET _path:/api/v1/user/login _statusCode:204 _userAgent:PostmanRuntime/7.28.3 _userID:41b5a24d-5925-45e5-92d8-9e6ff1]
27-11-2021 02:04:24 map[_clientIP:::1 _dataLength:0 _hostname:LAPTOP-P2S904C5 _latency:83 _method:GET _path:/api/v1/user/login _statusCode:204 _userAgent:PostmanRuntime/7.28.3 _userID:41b5a24d-5925-45e5-92d8-9e6ff1]
